[2025-04-05T02:18:34.675+0000] {manager.py:487} INFO - Processing files using up to 2 processes at a time 
[2025-04-05T02:18:34.713+0000] {manager.py:488} INFO - Process each file at most once every 30 seconds
[2025-04-05T02:18:34.758+0000] {manager.py:489} INFO - Checking for new files in /opt/airflow/dags every 300 seconds
[2025-04-05T02:18:34.807+0000] {manager.py:758} INFO - Searching for files in /opt/airflow/dags
[2025-04-05T02:18:35.043+0000] {manager.py:761} INFO - There are 2 files in /opt/airflow/dags
[2025-04-05T02:18:36.815+0000] {manager.py:889} INFO - 
================================================================================
DAG File Processing Stats

File Path                           PID  Runtime      # DAGs    # Errors  Last Runtime    Last Run
--------------------------------  -----  ---------  --------  ----------  --------------  ----------
/opt/airflow/dags/carga_dato.py      70  0.90s             0           0
/opt/airflow/dags/model_train.py     71  0.68s             0           0
================================================================================
[2025-04-05T02:19:07.292+0000] {manager.py:889} INFO - 
================================================================================
DAG File Processing Stats

File Path                           PID  Runtime      # DAGs    # Errors  Last Runtime    Last Run
--------------------------------  -----  ---------  --------  ----------  --------------  -------------------
/opt/airflow/dags/model_train.py     71  31.19s            0           0
/opt/airflow/dags/carga_dato.py                            1           0  26.20s          2025-04-05T02:19:02
================================================================================
[2025-04-05T02:19:37.927+0000] {manager.py:889} INFO - 
================================================================================
DAG File Processing Stats

File Path                           PID  Runtime      # DAGs    # Errors  Last Runtime    Last Run
--------------------------------  -----  ---------  --------  ----------  --------------  -------------------
/opt/airflow/dags/model_train.py    102  0.01s             0           1  31.76s          2025-04-05T02:19:07
/opt/airflow/dags/carga_dato.py                            1           0  2.39s           2025-04-05T02:19:35
================================================================================
[2025-04-05T02:20:07.962+0000] {manager.py:889} INFO - 
================================================================================
DAG File Processing Stats

File Path                         PID    Runtime      # DAGs    # Errors  Last Runtime    Last Run
--------------------------------  -----  ---------  --------  ----------  --------------  -------------------
/opt/airflow/dags/carga_dato.py                            1           0  0.81s           2025-04-05T02:20:06
/opt/airflow/dags/model_train.py                           1           0  7.28s           2025-04-05T02:19:45
================================================================================
[2025-04-05T02:20:38.126+0000] {manager.py:889} INFO - 
================================================================================
DAG File Processing Stats

File Path                           PID  Runtime      # DAGs    # Errors  Last Runtime    Last Run
--------------------------------  -----  ---------  --------  ----------  --------------  -------------------
/opt/airflow/dags/carga_dato.py     140  1.02s             1           0  0.81s           2025-04-05T02:20:06
/opt/airflow/dags/model_train.py                           1           0  3.95s           2025-04-05T02:20:19
================================================================================
[2025-04-05T02:21:08.201+0000] {manager.py:889} INFO - 
================================================================================
DAG File Processing Stats

File Path                         PID    Runtime      # DAGs    # Errors  Last Runtime    Last Run
--------------------------------  -----  ---------  --------  ----------  --------------  -------------------
/opt/airflow/dags/carga_dato.py                            1           0  1.22s           2025-04-05T02:20:38
/opt/airflow/dags/model_train.py                           1           0  3.55s           2025-04-05T02:20:53
================================================================================
[2025-04-05T02:21:38.312+0000] {manager.py:889} INFO - 
================================================================================
DAG File Processing Stats

File Path                         PID    Runtime      # DAGs    # Errors  Last Runtime    Last Run
--------------------------------  -----  ---------  --------  ----------  --------------  -------------------
/opt/airflow/dags/carga_dato.py                            1           0  1.67s           2025-04-05T02:21:10
/opt/airflow/dags/model_train.py                           1           0  6.13s           2025-04-05T02:21:30
================================================================================
[2025-04-05T02:22:08.637+0000] {manager.py:889} INFO - 
================================================================================
DAG File Processing Stats

File Path                           PID  Runtime      # DAGs    # Errors  Last Runtime    Last Run
--------------------------------  -----  ---------  --------  ----------  --------------  -------------------
/opt/airflow/dags/carga_dato.py                            1           0  1.13s           2025-04-05T02:21:42
/opt/airflow/dags/model_train.py    184  7.24s             1           0  6.13s           2025-04-05T02:21:30
================================================================================
[2025-04-05T02:22:38.900+0000] {manager.py:889} INFO - 
================================================================================
DAG File Processing Stats

File Path                         PID    Runtime      # DAGs    # Errors  Last Runtime    Last Run
--------------------------------  -----  ---------  --------  ----------  --------------  -------------------
/opt/airflow/dags/carga_dato.py                            1           0  2.41s           2025-04-05T02:22:15
/opt/airflow/dags/model_train.py                           1           0  13.08s          2025-04-05T02:22:14
================================================================================
[2025-04-05T02:23:09.116+0000] {manager.py:889} INFO - 
================================================================================
DAG File Processing Stats

File Path                         PID    Runtime      # DAGs    # Errors  Last Runtime    Last Run
--------------------------------  -----  ---------  --------  ----------  --------------  -------------------
/opt/airflow/dags/carga_dato.py                            1           0  4.35s           2025-04-05T02:22:49
/opt/airflow/dags/model_train.py                           1           0  8.26s           2025-04-05T02:22:53
================================================================================
[2025-04-05T02:23:34.809+0000] {manager.py:758} INFO - Searching for files in /opt/airflow/dags
[2025-04-05T02:23:34.863+0000] {manager.py:761} INFO - There are 2 files in /opt/airflow/dags
[2025-04-05T02:23:39.308+0000] {manager.py:889} INFO - 
================================================================================
DAG File Processing Stats

File Path                         PID    Runtime      # DAGs    # Errors  Last Runtime    Last Run
--------------------------------  -----  ---------  --------  ----------  --------------  -------------------
/opt/airflow/dags/carga_dato.py                            1           0  1.11s           2025-04-05T02:23:21
/opt/airflow/dags/model_train.py                           1           0  7.03s           2025-04-05T02:23:30
================================================================================
[2025-04-05T02:24:09.507+0000] {manager.py:889} INFO - 
================================================================================
DAG File Processing Stats

File Path                         PID    Runtime      # DAGs    # Errors  Last Runtime    Last Run
--------------------------------  -----  ---------  --------  ----------  --------------  -------------------
/opt/airflow/dags/carga_dato.py                            1           0  4.34s           2025-04-05T02:23:56
/opt/airflow/dags/model_train.py                           1           0  5.12s           2025-04-05T02:24:06
================================================================================
[2025-04-05T02:24:40.444+0000] {manager.py:889} INFO - 
================================================================================
DAG File Processing Stats

File Path                           PID  Runtime      # DAGs    # Errors  Last Runtime    Last Run
--------------------------------  -----  ---------  --------  ----------  --------------  -------------------
/opt/airflow/dags/carga_dato.py                            1           0  2.03s           2025-04-05T02:24:29
/opt/airflow/dags/model_train.py    284  3.05s             1           0  5.12s           2025-04-05T02:24:06
================================================================================
[2025-04-05T02:25:10.586+0000] {manager.py:889} INFO - 
================================================================================
DAG File Processing Stats

File Path                         PID    Runtime      # DAGs    # Errors  Last Runtime    Last Run
--------------------------------  -----  ---------  --------  ----------  --------------  -------------------
/opt/airflow/dags/carga_dato.py                            1           0  1.56s           2025-04-05T02:25:00
/opt/airflow/dags/model_train.py                           1           0  3.72s           2025-04-05T02:24:41
================================================================================
[2025-04-05T02:25:41.356+0000] {manager.py:889} INFO - 
================================================================================
DAG File Processing Stats

File Path                         PID    Runtime      # DAGs    # Errors  Last Runtime    Last Run
--------------------------------  -----  ---------  --------  ----------  --------------  -------------------
/opt/airflow/dags/carga_dato.py                            1           0  1.28s           2025-04-05T02:25:32
/opt/airflow/dags/model_train.py                           1           0  5.43s           2025-04-05T02:25:17
================================================================================
[2025-04-05T02:26:11.437+0000] {manager.py:889} INFO - 
================================================================================
DAG File Processing Stats

File Path                         PID    Runtime      # DAGs    # Errors  Last Runtime    Last Run
--------------------------------  -----  ---------  --------  ----------  --------------  -------------------
/opt/airflow/dags/carga_dato.py                            1           0  0.91s           2025-04-05T02:26:03
/opt/airflow/dags/model_train.py                           1           0  6.70s           2025-04-05T02:25:54
================================================================================
[2025-04-05T02:26:41.702+0000] {manager.py:889} INFO - 
================================================================================
DAG File Processing Stats

File Path                         PID    Runtime      # DAGs    # Errors  Last Runtime    Last Run
--------------------------------  -----  ---------  --------  ----------  --------------  -------------------
/opt/airflow/dags/carga_dato.py                            1           0  1.44s           2025-04-05T02:26:35
/opt/airflow/dags/model_train.py                           1           0  6.96s           2025-04-05T02:26:31
================================================================================
[2025-04-05T02:27:12.402+0000] {manager.py:889} INFO - 
================================================================================
DAG File Processing Stats

File Path                         PID    Runtime      # DAGs    # Errors  Last Runtime    Last Run
--------------------------------  -----  ---------  --------  ----------  --------------  -------------------
/opt/airflow/dags/carga_dato.py                            1           0  4.75s           2025-04-05T02:27:10
/opt/airflow/dags/model_train.py                           1           0  10.16s          2025-04-05T02:27:11
================================================================================
[2025-04-05T02:27:42.395+0000] {manager.py:889} INFO - 
================================================================================
DAG File Processing Stats

File Path                           PID  Runtime      # DAGs    # Errors  Last Runtime    Last Run
--------------------------------  -----  ---------  --------  ----------  --------------  -------------------
/opt/airflow/dags/carga_dato.py     392  1.59s             1           0  4.75s           2025-04-05T02:27:10
/opt/airflow/dags/model_train.py    397  0.57s             1           0  10.16s          2025-04-05T02:27:11
================================================================================
[2025-04-05T02:28:12.753+0000] {manager.py:889} INFO - 
================================================================================
DAG File Processing Stats

File Path                         PID    Runtime      # DAGs    # Errors  Last Runtime    Last Run
--------------------------------  -----  ---------  --------  ----------  --------------  -------------------
/opt/airflow/dags/carga_dato.py                            1           0  2.72s           2025-04-05T02:27:43
/opt/airflow/dags/model_train.py                           1           0  10.95s          2025-04-05T02:27:52
================================================================================
[2025-04-05T02:28:34.825+0000] {manager.py:758} INFO - Searching for files in /opt/airflow/dags
[2025-04-05T02:28:34.865+0000] {manager.py:761} INFO - There are 2 files in /opt/airflow/dags
[2025-04-05T02:28:42.993+0000] {manager.py:889} INFO - 
================================================================================
DAG File Processing Stats

File Path                         PID    Runtime      # DAGs    # Errors  Last Runtime    Last Run
--------------------------------  -----  ---------  --------  ----------  --------------  -------------------
/opt/airflow/dags/carga_dato.py                            1           0  0.91s           2025-04-05T02:28:14
/opt/airflow/dags/model_train.py                           1           0  7.75s           2025-04-05T02:28:30
================================================================================
[2025-04-05T02:29:13.046+0000] {manager.py:889} INFO - 
================================================================================
DAG File Processing Stats

File Path                         PID    Runtime      # DAGs    # Errors  Last Runtime    Last Run
--------------------------------  -----  ---------  --------  ----------  --------------  -------------------
/opt/airflow/dags/carga_dato.py                            1           0  1.42s           2025-04-05T02:28:46
/opt/airflow/dags/model_train.py                           1           0  10.84s          2025-04-05T02:29:12
================================================================================
[2025-04-05T02:29:43.863+0000] {manager.py:889} INFO - 
================================================================================
DAG File Processing Stats

File Path                           PID  Runtime      # DAGs    # Errors  Last Runtime    Last Run
--------------------------------  -----  ---------  --------  ----------  --------------  -------------------
/opt/airflow/dags/carga_dato.py                            1           0  1.11s           2025-04-05T02:29:17
/opt/airflow/dags/model_train.py    465  1.04s             1           0  10.84s          2025-04-05T02:29:12
================================================================================
[2025-04-05T02:30:14.468+0000] {manager.py:889} INFO - 
================================================================================
DAG File Processing Stats

File Path                         PID    Runtime      # DAGs    # Errors  Last Runtime    Last Run
--------------------------------  -----  ---------  --------  ----------  --------------  -------------------
/opt/airflow/dags/carga_dato.py                            1           0  4.46s           2025-04-05T02:29:52
/opt/airflow/dags/model_train.py                           1           0  10.96s          2025-04-05T02:29:53
================================================================================
[2025-04-05T02:30:44.611+0000] {manager.py:889} INFO - 
================================================================================
DAG File Processing Stats

File Path                         PID    Runtime      # DAGs    # Errors  Last Runtime    Last Run
--------------------------------  -----  ---------  --------  ----------  --------------  -------------------
/opt/airflow/dags/carga_dato.py                            1           0  3.98s           2025-04-05T02:30:26
/opt/airflow/dags/model_train.py                           1           0  12.69s          2025-04-05T02:30:36
================================================================================
[2025-04-05T02:31:15.466+0000] {manager.py:889} INFO - 
================================================================================
DAG File Processing Stats

File Path                         PID    Runtime      # DAGs    # Errors  Last Runtime    Last Run
--------------------------------  -----  ---------  --------  ----------  --------------  -------------------
/opt/airflow/dags/carga_dato.py                            1           0  3.03s           2025-04-05T02:31:00
/opt/airflow/dags/model_train.py                           1           0  5.47s           2025-04-05T02:31:12
================================================================================
[2025-04-05T02:31:45.709+0000] {manager.py:889} INFO - 
================================================================================
DAG File Processing Stats

File Path                           PID  Runtime      # DAGs    # Errors  Last Runtime    Last Run
--------------------------------  -----  ---------  --------  ----------  --------------  -------------------
/opt/airflow/dags/carga_dato.py                            1           0  0.80s           2025-04-05T02:31:32
/opt/airflow/dags/model_train.py    536  3.05s             1           0  5.47s           2025-04-05T02:31:12
================================================================================
[2025-04-05T02:32:16.270+0000] {manager.py:889} INFO - 
================================================================================
DAG File Processing Stats

File Path                         PID    Runtime      # DAGs    # Errors  Last Runtime    Last Run
--------------------------------  -----  ---------  --------  ----------  --------------  -------------------
/opt/airflow/dags/carga_dato.py                            1           0  0.94s           2025-04-05T02:32:04
/opt/airflow/dags/model_train.py                           1           0  6.48s           2025-04-05T02:31:49
================================================================================
[2025-04-05T02:32:46.557+0000] {manager.py:889} INFO - 
================================================================================
DAG File Processing Stats

File Path                         PID    Runtime      # DAGs    # Errors  Last Runtime    Last Run
--------------------------------  -----  ---------  --------  ----------  --------------  -------------------
/opt/airflow/dags/carga_dato.py                            1           0  0.85s           2025-04-05T02:32:35
/opt/airflow/dags/model_train.py                           1           0  5.80s           2025-04-05T02:32:25
================================================================================
[2025-04-05T02:33:16.647+0000] {manager.py:889} INFO - 
================================================================================
DAG File Processing Stats

File Path                         PID    Runtime      # DAGs    # Errors  Last Runtime    Last Run
--------------------------------  -----  ---------  --------  ----------  --------------  -------------------
/opt/airflow/dags/carga_dato.py                            1           0  1.32s           2025-04-05T02:33:06
/opt/airflow/dags/model_train.py                           1           0  4.41s           2025-04-05T02:33:00
================================================================================
[2025-04-05T02:33:35.060+0000] {manager.py:758} INFO - Searching for files in /opt/airflow/dags
[2025-04-05T02:33:35.086+0000] {manager.py:761} INFO - There are 2 files in /opt/airflow/dags
[2025-04-05T02:33:46.933+0000] {manager.py:889} INFO - 
================================================================================
DAG File Processing Stats

File Path                         PID    Runtime      # DAGs    # Errors  Last Runtime    Last Run
--------------------------------  -----  ---------  --------  ----------  --------------  -------------------
/opt/airflow/dags/carga_dato.py                            1           0  0.79s           2025-04-05T02:33:37
/opt/airflow/dags/model_train.py                           1           0  4.03s           2025-04-05T02:33:34
================================================================================
[2025-04-05T02:34:17.024+0000] {manager.py:889} INFO - 
================================================================================
DAG File Processing Stats

File Path                         PID    Runtime      # DAGs    # Errors  Last Runtime    Last Run
--------------------------------  -----  ---------  --------  ----------  --------------  -------------------
/opt/airflow/dags/carga_dato.py                            1           0  1.70s           2025-04-05T02:34:09
/opt/airflow/dags/model_train.py                           1           0  4.78s           2025-04-05T02:34:09
================================================================================
[2025-04-05T02:34:47.577+0000] {manager.py:889} INFO - 
================================================================================
DAG File Processing Stats

File Path                         PID    Runtime      # DAGs    # Errors  Last Runtime    Last Run
--------------------------------  -----  ---------  --------  ----------  --------------  -------------------
/opt/airflow/dags/carga_dato.py                            1           0  1.73s           2025-04-05T02:34:41
/opt/airflow/dags/model_train.py                           1           0  4.60s           2025-04-05T02:34:44
================================================================================
[2025-04-05T02:35:18.492+0000] {manager.py:889} INFO - 
================================================================================
DAG File Processing Stats

File Path                           PID  Runtime      # DAGs    # Errors  Last Runtime    Last Run
--------------------------------  -----  ---------  --------  ----------  --------------  -------------------
/opt/airflow/dags/carga_dato.py                            1           0  1.06s           2025-04-05T02:35:13
/opt/airflow/dags/model_train.py    669  3.28s             1           0  4.60s           2025-04-05T02:34:44
================================================================================
[2025-04-05T02:35:48.779+0000] {manager.py:889} INFO - 
================================================================================
DAG File Processing Stats

File Path                         PID    Runtime      # DAGs    # Errors  Last Runtime    Last Run
--------------------------------  -----  ---------  --------  ----------  --------------  -------------------
/opt/airflow/dags/carga_dato.py                            1           0  1.16s           2025-04-05T02:35:44
/opt/airflow/dags/model_train.py                           1           0  11.72s          2025-04-05T02:35:26
================================================================================
[2025-04-05T02:36:19.226+0000] {manager.py:889} INFO - 
================================================================================
DAG File Processing Stats

File Path                         PID    Runtime      # DAGs    # Errors  Last Runtime    Last Run
--------------------------------  -----  ---------  --------  ----------  --------------  -------------------
/opt/airflow/dags/carga_dato.py                            1           0  3.81s           2025-04-05T02:36:19
/opt/airflow/dags/model_train.py                           1           0  8.18s           2025-04-05T02:36:06
================================================================================
[2025-04-05T02:36:49.622+0000] {manager.py:889} INFO - 
================================================================================
DAG File Processing Stats

File Path                           PID  Runtime      # DAGs    # Errors  Last Runtime    Last Run
--------------------------------  -----  ---------  --------  ----------  --------------  -------------------
/opt/airflow/dags/carga_dato.py     723  0.00s             1           0  3.81s           2025-04-05T02:36:19
/opt/airflow/dags/model_train.py                           1           0  6.12s           2025-04-05T02:36:42
================================================================================
[2025-04-05T02:37:19.787+0000] {manager.py:889} INFO - 
================================================================================
DAG File Processing Stats

File Path                           PID  Runtime      # DAGs    # Errors  Last Runtime    Last Run
--------------------------------  -----  ---------  --------  ----------  --------------  -------------------
/opt/airflow/dags/carga_dato.py                            1           0  1.29s           2025-04-05T02:36:50
/opt/airflow/dags/model_train.py    735  6.98s             1           0  6.12s           2025-04-05T02:36:42
================================================================================
[2025-04-05T02:37:50.087+0000] {manager.py:889} INFO - 
================================================================================
DAG File Processing Stats

File Path                         PID    Runtime      # DAGs    # Errors  Last Runtime    Last Run
--------------------------------  -----  ---------  --------  ----------  --------------  -------------------
/opt/airflow/dags/carga_dato.py                            1           0  2.42s           2025-04-05T02:37:24
/opt/airflow/dags/model_train.py                           1           0  11.97s          2025-04-05T02:37:24
================================================================================
[2025-04-05T02:38:20.119+0000] {manager.py:889} INFO - 
================================================================================
DAG File Processing Stats

File Path                         PID    Runtime      # DAGs    # Errors  Last Runtime    Last Run
--------------------------------  -----  ---------  --------  ----------  --------------  -------------------
/opt/airflow/dags/carga_dato.py                            1           0  1.93s           2025-04-05T02:37:56
/opt/airflow/dags/model_train.py                           1           0  9.30s           2025-04-05T02:38:04
================================================================================
[2025-04-05T02:38:35.811+0000] {manager.py:758} INFO - Searching for files in /opt/airflow/dags
[2025-04-05T02:38:35.880+0000] {manager.py:761} INFO - There are 2 files in /opt/airflow/dags
[2025-04-05T02:38:50.850+0000] {manager.py:889} INFO - 
================================================================================
DAG File Processing Stats

File Path                         PID    Runtime      # DAGs    # Errors  Last Runtime    Last Run
--------------------------------  -----  ---------  --------  ----------  --------------  -------------------
/opt/airflow/dags/carga_dato.py                            1           0  1.21s           2025-04-05T02:38:27
/opt/airflow/dags/model_train.py                           1           0  12.11s          2025-04-05T02:38:46
================================================================================
[2025-04-05T02:39:21.276+0000] {manager.py:889} INFO - 
================================================================================
DAG File Processing Stats

File Path                           PID  Runtime      # DAGs    # Errors  Last Runtime    Last Run
--------------------------------  -----  ---------  --------  ----------  --------------  -------------------
/opt/airflow/dags/carga_dato.py                            1           0  1.36s           2025-04-05T02:38:59
/opt/airflow/dags/model_train.py    807  3.86s             1           0  12.11s          2025-04-05T02:38:46
================================================================================
[2025-04-05T02:39:51.854+0000] {manager.py:889} INFO - 
================================================================================
DAG File Processing Stats

File Path                         PID    Runtime      # DAGs    # Errors  Last Runtime    Last Run
--------------------------------  -----  ---------  --------  ----------  --------------  -------------------
/opt/airflow/dags/carga_dato.py                            1           0  1.93s           2025-04-05T02:39:31
/opt/airflow/dags/model_train.py                           1           0  10.05s          2025-04-05T02:39:27
================================================================================
[2025-04-05T02:40:21.905+0000] {manager.py:889} INFO - 
================================================================================
DAG File Processing Stats

File Path                         PID    Runtime      # DAGs    # Errors  Last Runtime    Last Run
--------------------------------  -----  ---------  --------  ----------  --------------  -------------------
/opt/airflow/dags/carga_dato.py                            1           0  2.19s           2025-04-05T02:40:04
/opt/airflow/dags/model_train.py                           1           0  8.05s           2025-04-05T02:40:06
================================================================================
[2025-04-05T02:40:52.797+0000] {manager.py:889} INFO - 
================================================================================
DAG File Processing Stats

File Path                         PID    Runtime      # DAGs    # Errors  Last Runtime    Last Run
--------------------------------  -----  ---------  --------  ----------  --------------  -------------------
/opt/airflow/dags/carga_dato.py                            1           0  2.00s           2025-04-05T02:40:36
/opt/airflow/dags/model_train.py                           1           0  6.76s           2025-04-05T02:40:43
================================================================================
[2025-04-05T02:41:23.435+0000] {manager.py:889} INFO - 
================================================================================
DAG File Processing Stats

File Path                           PID  Runtime      # DAGs    # Errors  Last Runtime    Last Run
--------------------------------  -----  ---------  --------  ----------  --------------  -------------------
/opt/airflow/dags/carga_dato.py                            1           0  0.90s           2025-04-05T02:41:07
/opt/airflow/dags/model_train.py    879  8.78s             1           0  6.76s           2025-04-05T02:40:43
================================================================================
[2025-04-05T02:41:53.729+0000] {manager.py:889} INFO - 
================================================================================
DAG File Processing Stats

File Path                         PID    Runtime      # DAGs    # Errors  Last Runtime    Last Run
--------------------------------  -----  ---------  --------  ----------  --------------  -------------------
/opt/airflow/dags/carga_dato.py                            1           0  5.52s           2025-04-05T02:41:43
/opt/airflow/dags/model_train.py                           1           0  13.71s          2025-04-05T02:41:28
================================================================================
[2025-04-05T02:42:23.736+0000] {manager.py:889} INFO - 
================================================================================
DAG File Processing Stats

File Path                         PID    Runtime      # DAGs    # Errors  Last Runtime    Last Run
--------------------------------  -----  ---------  --------  ----------  --------------  -------------------
/opt/airflow/dags/carga_dato.py                            1           0  1.63s           2025-04-05T02:42:15
/opt/airflow/dags/model_train.py                           1           0  7.85s           2025-04-05T02:42:06
================================================================================
[2025-04-05T02:42:54.148+0000] {manager.py:889} INFO - 
================================================================================
DAG File Processing Stats

File Path                         PID    Runtime      # DAGs    # Errors  Last Runtime    Last Run
--------------------------------  -----  ---------  --------  ----------  --------------  -------------------
/opt/airflow/dags/carga_dato.py                            1           0  5.75s           2025-04-05T02:42:53
/opt/airflow/dags/model_train.py                           1           0  16.56s          2025-04-05T02:42:53
================================================================================
[2025-04-05T02:43:24.276+0000] {manager.py:889} INFO - 
================================================================================
DAG File Processing Stats

File Path                           PID  Runtime      # DAGs    # Errors  Last Runtime    Last Run
--------------------------------  -----  ---------  --------  ----------  --------------  -------------------
/opt/airflow/dags/carga_dato.py     950  1.06s             1           0  5.75s           2025-04-05T02:42:53
/opt/airflow/dags/model_train.py    954  0.28s             1           0  16.56s          2025-04-05T02:42:53
================================================================================
[2025-04-05T02:43:36.060+0000] {manager.py:758} INFO - Searching for files in /opt/airflow/dags
[2025-04-05T02:43:36.118+0000] {manager.py:761} INFO - There are 2 files in /opt/airflow/dags
[2025-04-05T02:43:54.359+0000] {manager.py:889} INFO - 
================================================================================
DAG File Processing Stats

File Path                         PID    Runtime      # DAGs    # Errors  Last Runtime    Last Run
--------------------------------  -----  ---------  --------  ----------  --------------  -------------------
/opt/airflow/dags/carga_dato.py                            1           0  2.08s           2025-04-05T02:43:25
/opt/airflow/dags/model_train.py                           1           0  8.91s           2025-04-05T02:43:32
================================================================================
[2025-04-05T02:44:24.487+0000] {manager.py:889} INFO - 
================================================================================
DAG File Processing Stats

File Path                         PID    Runtime      # DAGs    # Errors  Last Runtime    Last Run
--------------------------------  -----  ---------  --------  ----------  --------------  -------------------
/opt/airflow/dags/carga_dato.py                            1           0  2.17s           2025-04-05T02:43:57
/opt/airflow/dags/model_train.py                           1           0  11.79s          2025-04-05T02:44:15
================================================================================
[2025-04-05T02:44:55.138+0000] {manager.py:889} INFO - 
================================================================================
DAG File Processing Stats

File Path                           PID  Runtime      # DAGs    # Errors  Last Runtime    Last Run
--------------------------------  -----  ---------  --------  ----------  --------------  -------------------
/opt/airflow/dags/carga_dato.py                            1           0  1.24s           2025-04-05T02:44:29
/opt/airflow/dags/model_train.py    994  9.65s             1           0  11.79s          2025-04-05T02:44:15
================================================================================
[2025-04-05T02:45:25.553+0000] {manager.py:889} INFO - 
================================================================================
DAG File Processing Stats

File Path                         PID    Runtime      # DAGs    # Errors  Last Runtime    Last Run
--------------------------------  -----  ---------  --------  ----------  --------------  -------------------
/opt/airflow/dags/carga_dato.py                            1           0  7.23s           2025-04-05T02:45:06
/opt/airflow/dags/model_train.py                           1           0  22.22s          2025-04-05T02:45:07
================================================================================
[2025-04-05T02:45:56.277+0000] {manager.py:889} INFO - 
================================================================================
DAG File Processing Stats

File Path                         PID    Runtime      # DAGs    # Errors  Last Runtime    Last Run
--------------------------------  -----  ---------  --------  ----------  --------------  -------------------
/opt/airflow/dags/carga_dato.py                            1           0  1.97s           2025-04-05T02:45:39
/opt/airflow/dags/model_train.py                           1           0  5.14s           2025-04-05T02:45:43
================================================================================
[2025-04-05T02:46:26.307+0000] {manager.py:889} INFO - 
================================================================================
DAG File Processing Stats

File Path                         PID    Runtime      # DAGs    # Errors  Last Runtime    Last Run
--------------------------------  -----  ---------  --------  ----------  --------------  -------------------
/opt/airflow/dags/carga_dato.py                            1           0  1.70s           2025-04-05T02:46:11
/opt/airflow/dags/model_train.py                           1           0  12.89s          2025-04-05T02:46:26
================================================================================
[2025-04-05T02:46:57.027+0000] {manager.py:889} INFO - 
================================================================================
DAG File Processing Stats

File Path                           PID  Runtime      # DAGs    # Errors  Last Runtime    Last Run
--------------------------------  -----  ---------  --------  ----------  --------------  -------------------
/opt/airflow/dags/carga_dato.py                            1           0  7.68s           2025-04-05T02:46:49
/opt/airflow/dags/model_train.py   1074  0.05s             1           0  12.89s          2025-04-05T02:46:26
================================================================================
[2025-04-05T02:47:27.325+0000] {manager.py:889} INFO - 
================================================================================
DAG File Processing Stats

File Path                         PID    Runtime      # DAGs    # Errors  Last Runtime    Last Run
--------------------------------  -----  ---------  --------  ----------  --------------  -------------------
/opt/airflow/dags/carga_dato.py                            1           0  5.23s           2025-04-05T02:47:25
/opt/airflow/dags/model_train.py                           1           0  8.70s           2025-04-05T02:47:05
================================================================================
[2025-04-05T02:47:57.633+0000] {manager.py:889} INFO - 
================================================================================
DAG File Processing Stats

File Path                           PID  Runtime      # DAGs    # Errors  Last Runtime    Last Run
--------------------------------  -----  ---------  --------  ----------  --------------  -------------------
/opt/airflow/dags/carga_dato.py    1108  2.09s             1           0  5.23s           2025-04-05T02:47:25
/opt/airflow/dags/model_train.py                           1           0  10.71s          2025-04-05T02:47:46
================================================================================
[2025-04-05T02:48:27.747+0000] {manager.py:889} INFO - 
================================================================================
DAG File Processing Stats

File Path                           PID  Runtime      # DAGs    # Errors  Last Runtime    Last Run
--------------------------------  -----  ---------  --------  ----------  --------------  -------------------
/opt/airflow/dags/carga_dato.py                            1           0  2.88s           2025-04-05T02:47:58
/opt/airflow/dags/model_train.py   1113  10.88s            1           0  10.71s          2025-04-05T02:47:46
================================================================================
[2025-04-05T02:48:36.724+0000] {manager.py:758} INFO - Searching for files in /opt/airflow/dags
[2025-04-05T02:48:36.928+0000] {manager.py:761} INFO - There are 2 files in /opt/airflow/dags
[2025-04-05T02:48:58.290+0000] {manager.py:889} INFO - 
================================================================================
DAG File Processing Stats

File Path                         PID    Runtime      # DAGs    # Errors  Last Runtime    Last Run
--------------------------------  -----  ---------  --------  ----------  --------------  -------------------
/opt/airflow/dags/carga_dato.py                            1           0  6.53s           2025-04-05T02:48:35
/opt/airflow/dags/model_train.py                           1           0  24.37s          2025-04-05T02:48:41
================================================================================
[2025-04-05T02:49:28.609+0000] {manager.py:889} INFO - 
================================================================================
DAG File Processing Stats

File Path                         PID    Runtime      # DAGs    # Errors  Last Runtime    Last Run
--------------------------------  -----  ---------  --------  ----------  --------------  -------------------
/opt/airflow/dags/carga_dato.py                            1           0  5.81s           2025-04-05T02:49:11
/opt/airflow/dags/model_train.py                           1           0  15.54s          2025-04-05T02:49:27
================================================================================
[2025-04-05T02:49:59.568+0000] {manager.py:889} INFO - 
================================================================================
DAG File Processing Stats

File Path                           PID  Runtime      # DAGs    # Errors  Last Runtime    Last Run
--------------------------------  -----  ---------  --------  ----------  --------------  -------------------
/opt/airflow/dags/carga_dato.py                            1           0  1.71s           2025-04-05T02:49:44
/opt/airflow/dags/model_train.py   1171  2.04s             1           0  15.54s          2025-04-05T02:49:27
================================================================================
[2025-04-05T02:50:29.847+0000] {manager.py:889} INFO - 
================================================================================
DAG File Processing Stats

File Path                         PID    Runtime      # DAGs    # Errors  Last Runtime    Last Run
--------------------------------  -----  ---------  --------  ----------  --------------  -------------------
/opt/airflow/dags/carga_dato.py                            1           0  3.93s           2025-04-05T02:50:18
/opt/airflow/dags/model_train.py                           1           0  13.99s          2025-04-05T02:50:11
================================================================================
[2025-04-05T02:51:00.076+0000] {manager.py:889} INFO - 
================================================================================
DAG File Processing Stats

File Path                         PID    Runtime      # DAGs    # Errors  Last Runtime    Last Run
--------------------------------  -----  ---------  --------  ----------  --------------  -------------------
/opt/airflow/dags/carga_dato.py                            1           0  3.30s           2025-04-05T02:50:52
/opt/airflow/dags/model_train.py                           1           0  14.69s          2025-04-05T02:50:56
================================================================================
[2025-04-05T02:51:30.440+0000] {manager.py:889} INFO - 
================================================================================
DAG File Processing Stats

File Path                           PID  Runtime      # DAGs    # Errors  Last Runtime    Last Run
--------------------------------  -----  ---------  --------  ----------  --------------  -------------------
/opt/airflow/dags/carga_dato.py                            1           0  7.01s           2025-04-05T02:51:30
/opt/airflow/dags/model_train.py   1222  3.42s             1           0  14.69s          2025-04-05T02:50:56
================================================================================
[2025-04-05T02:52:00.484+0000] {manager.py:889} INFO - 
================================================================================
DAG File Processing Stats

File Path                         PID    Runtime      # DAGs    # Errors  Last Runtime    Last Run
--------------------------------  -----  ---------  --------  ----------  --------------  -------------------
/opt/airflow/dags/carga_dato.py                            1           0  7.01s           2025-04-05T02:51:30
/opt/airflow/dags/model_train.py                           1           0  13.50s          2025-04-05T02:51:40
================================================================================
[2025-04-05T02:52:31.056+0000] {manager.py:889} INFO - 
================================================================================
DAG File Processing Stats

File Path                         PID    Runtime      # DAGs    # Errors  Last Runtime    Last Run
--------------------------------  -----  ---------  --------  ----------  --------------  -------------------
/opt/airflow/dags/carga_dato.py                            1           0  1.45s           2025-04-05T02:52:02
/opt/airflow/dags/model_train.py                           1           0  7.91s           2025-04-05T02:52:19
================================================================================
[2025-04-05T02:53:01.460+0000] {manager.py:470} INFO - Exiting gracefully upon receiving signal 15
[2025-04-05T02:53:02.661+0000] {manager.py:470} INFO - Exiting gracefully upon receiving signal 15
[2025-04-05T02:53:07.676+0000] {manager.py:470} INFO - Exiting gracefully upon receiving signal 15
