[2025-04-05T02:18:37.071+0000] {processor.py:156} INFO - Started process (PID=70) to work on /opt/airflow/dags/carga_dato.py
[2025-04-05T02:18:37.214+0000] {processor.py:799} INFO - Processing file /opt/airflow/dags/carga_dato.py for tasks to queue
[2025-04-05T02:18:37.262+0000] {logging_mixin.py:149} INFO - [2025-04-05T02:18:37.261+0000] {dagbag.py:541} INFO - Filling up the DagBag from /opt/airflow/dags/carga_dato.py
[2025-04-05T02:18:59.684+0000] {processor.py:809} INFO - DAG(s) dict_keys(['data_loading_dag']) retrieved from /opt/airflow/dags/carga_dato.py
[2025-04-05T02:19:01.424+0000] {logging_mixin.py:149} INFO - [2025-04-05T02:19:01.423+0000] {manager.py:504} INFO - Created Permission View: can read on DAG:data_loading_dag
[2025-04-05T02:19:01.505+0000] {logging_mixin.py:149} INFO - [2025-04-05T02:19:01.505+0000] {manager.py:504} INFO - Created Permission View: can edit on DAG:data_loading_dag
[2025-04-05T02:19:01.581+0000] {logging_mixin.py:149} INFO - [2025-04-05T02:19:01.581+0000] {manager.py:504} INFO - Created Permission View: can delete on DAG:data_loading_dag
[2025-04-05T02:19:01.590+0000] {logging_mixin.py:149} INFO - [2025-04-05T02:19:01.589+0000] {dag.py:2726} INFO - Sync 1 DAGs
[2025-04-05T02:19:01.678+0000] {logging_mixin.py:149} INFO - [2025-04-05T02:19:01.671+0000] {dag.py:2747} INFO - Creating ORM DAG for data_loading_dag
[2025-04-05T02:19:01.742+0000] {logging_mixin.py:149} INFO - [2025-04-05T02:19:01.742+0000] {dag.py:3486} INFO - Setting next_dagrun for data_loading_dag to 2025-04-02T00:00:00+00:00, run_after=2025-04-03T00:00:00+00:00
[2025-04-05T02:19:01.983+0000] {processor.py:178} INFO - Processing /opt/airflow/dags/carga_dato.py took 24.960 seconds
[2025-04-05T02:19:32.915+0000] {processor.py:156} INFO - Started process (PID=90) to work on /opt/airflow/dags/carga_dato.py
[2025-04-05T02:19:32.917+0000] {processor.py:799} INFO - Processing file /opt/airflow/dags/carga_dato.py for tasks to queue
[2025-04-05T02:19:32.921+0000] {logging_mixin.py:149} INFO - [2025-04-05T02:19:32.919+0000] {dagbag.py:541} INFO - Filling up the DagBag from /opt/airflow/dags/carga_dato.py
[2025-04-05T02:19:34.933+0000] {processor.py:809} INFO - DAG(s) dict_keys(['data_loading_dag']) retrieved from /opt/airflow/dags/carga_dato.py
[2025-04-05T02:19:34.977+0000] {logging_mixin.py:149} INFO - [2025-04-05T02:19:34.976+0000] {dag.py:2726} INFO - Sync 1 DAGs
[2025-04-05T02:19:35.012+0000] {logging_mixin.py:149} INFO - [2025-04-05T02:19:35.012+0000] {dag.py:3486} INFO - Setting next_dagrun for data_loading_dag to 2025-04-02T00:00:00+00:00, run_after=2025-04-03T00:00:00+00:00
[2025-04-05T02:19:35.041+0000] {processor.py:178} INFO - Processing /opt/airflow/dags/carga_dato.py took 2.140 seconds
[2025-04-05T02:20:05.768+0000] {processor.py:156} INFO - Started process (PID=120) to work on /opt/airflow/dags/carga_dato.py
[2025-04-05T02:20:05.770+0000] {processor.py:799} INFO - Processing file /opt/airflow/dags/carga_dato.py for tasks to queue
[2025-04-05T02:20:05.771+0000] {logging_mixin.py:149} INFO - [2025-04-05T02:20:05.770+0000] {dagbag.py:541} INFO - Filling up the DagBag from /opt/airflow/dags/carga_dato.py
[2025-04-05T02:20:06.469+0000] {processor.py:809} INFO - DAG(s) dict_keys(['data_loading_dag']) retrieved from /opt/airflow/dags/carga_dato.py
[2025-04-05T02:20:06.502+0000] {logging_mixin.py:149} INFO - [2025-04-05T02:20:06.500+0000] {dag.py:2726} INFO - Sync 1 DAGs
[2025-04-05T02:20:06.526+0000] {logging_mixin.py:149} INFO - [2025-04-05T02:20:06.526+0000] {dag.py:3486} INFO - Setting next_dagrun for data_loading_dag to 2025-04-02T00:00:00+00:00, run_after=2025-04-03T00:00:00+00:00
[2025-04-05T02:20:06.550+0000] {processor.py:178} INFO - Processing /opt/airflow/dags/carga_dato.py took 0.785 seconds
[2025-04-05T02:20:37.144+0000] {processor.py:156} INFO - Started process (PID=140) to work on /opt/airflow/dags/carga_dato.py
[2025-04-05T02:20:37.146+0000] {processor.py:799} INFO - Processing file /opt/airflow/dags/carga_dato.py for tasks to queue
[2025-04-05T02:20:37.148+0000] {logging_mixin.py:149} INFO - [2025-04-05T02:20:37.147+0000] {dagbag.py:541} INFO - Filling up the DagBag from /opt/airflow/dags/carga_dato.py
[2025-04-05T02:20:38.201+0000] {processor.py:809} INFO - DAG(s) dict_keys(['data_loading_dag']) retrieved from /opt/airflow/dags/carga_dato.py
[2025-04-05T02:20:38.242+0000] {logging_mixin.py:149} INFO - [2025-04-05T02:20:38.241+0000] {dag.py:2726} INFO - Sync 1 DAGs
[2025-04-05T02:20:38.282+0000] {logging_mixin.py:149} INFO - [2025-04-05T02:20:38.282+0000] {dag.py:3486} INFO - Setting next_dagrun for data_loading_dag to 2025-04-02T00:00:00+00:00, run_after=2025-04-03T00:00:00+00:00
[2025-04-05T02:20:38.314+0000] {processor.py:178} INFO - Processing /opt/airflow/dags/carga_dato.py took 1.176 seconds
[2025-04-05T02:21:08.900+0000] {processor.py:156} INFO - Started process (PID=160) to work on /opt/airflow/dags/carga_dato.py
[2025-04-05T02:21:08.905+0000] {processor.py:799} INFO - Processing file /opt/airflow/dags/carga_dato.py for tasks to queue
[2025-04-05T02:21:08.907+0000] {logging_mixin.py:149} INFO - [2025-04-05T02:21:08.906+0000] {dagbag.py:541} INFO - Filling up the DagBag from /opt/airflow/dags/carga_dato.py
[2025-04-05T02:21:10.367+0000] {processor.py:809} INFO - DAG(s) dict_keys(['data_loading_dag']) retrieved from /opt/airflow/dags/carga_dato.py
[2025-04-05T02:21:10.429+0000] {logging_mixin.py:149} INFO - [2025-04-05T02:21:10.428+0000] {dag.py:2726} INFO - Sync 1 DAGs
[2025-04-05T02:21:10.486+0000] {logging_mixin.py:149} INFO - [2025-04-05T02:21:10.485+0000] {dag.py:3486} INFO - Setting next_dagrun for data_loading_dag to 2025-04-02T00:00:00+00:00, run_after=2025-04-03T00:00:00+00:00
[2025-04-05T02:21:10.518+0000] {processor.py:178} INFO - Processing /opt/airflow/dags/carga_dato.py took 1.623 seconds
[2025-04-05T02:21:41.144+0000] {processor.py:156} INFO - Started process (PID=179) to work on /opt/airflow/dags/carga_dato.py
[2025-04-05T02:21:41.145+0000] {processor.py:799} INFO - Processing file /opt/airflow/dags/carga_dato.py for tasks to queue
[2025-04-05T02:21:41.147+0000] {logging_mixin.py:149} INFO - [2025-04-05T02:21:41.146+0000] {dagbag.py:541} INFO - Filling up the DagBag from /opt/airflow/dags/carga_dato.py
[2025-04-05T02:21:42.079+0000] {processor.py:809} INFO - DAG(s) dict_keys(['data_loading_dag']) retrieved from /opt/airflow/dags/carga_dato.py
[2025-04-05T02:21:42.122+0000] {logging_mixin.py:149} INFO - [2025-04-05T02:21:42.121+0000] {dag.py:2726} INFO - Sync 1 DAGs
[2025-04-05T02:21:42.160+0000] {logging_mixin.py:149} INFO - [2025-04-05T02:21:42.160+0000] {dag.py:3486} INFO - Setting next_dagrun for data_loading_dag to 2025-04-02T00:00:00+00:00, run_after=2025-04-03T00:00:00+00:00
[2025-04-05T02:21:42.227+0000] {processor.py:178} INFO - Processing /opt/airflow/dags/carga_dato.py took 1.087 seconds
[2025-04-05T02:22:12.952+0000] {processor.py:156} INFO - Started process (PID=200) to work on /opt/airflow/dags/carga_dato.py
[2025-04-05T02:22:12.969+0000] {processor.py:799} INFO - Processing file /opt/airflow/dags/carga_dato.py for tasks to queue
[2025-04-05T02:22:12.978+0000] {logging_mixin.py:149} INFO - [2025-04-05T02:22:12.977+0000] {dagbag.py:541} INFO - Filling up the DagBag from /opt/airflow/dags/carga_dato.py
[2025-04-05T02:22:14.970+0000] {processor.py:809} INFO - DAG(s) dict_keys(['data_loading_dag']) retrieved from /opt/airflow/dags/carga_dato.py
[2025-04-05T02:22:15.044+0000] {logging_mixin.py:149} INFO - [2025-04-05T02:22:15.044+0000] {dag.py:2726} INFO - Sync 1 DAGs
[2025-04-05T02:22:15.129+0000] {logging_mixin.py:149} INFO - [2025-04-05T02:22:15.120+0000] {dag.py:3486} INFO - Setting next_dagrun for data_loading_dag to 2025-04-02T00:00:00+00:00, run_after=2025-04-03T00:00:00+00:00
[2025-04-05T02:22:15.172+0000] {processor.py:178} INFO - Processing /opt/airflow/dags/carga_dato.py took 2.233 seconds
[2025-04-05T02:22:45.537+0000] {processor.py:156} INFO - Started process (PID=213) to work on /opt/airflow/dags/carga_dato.py
[2025-04-05T02:22:45.540+0000] {processor.py:799} INFO - Processing file /opt/airflow/dags/carga_dato.py for tasks to queue
[2025-04-05T02:22:45.543+0000] {logging_mixin.py:149} INFO - [2025-04-05T02:22:45.543+0000] {dagbag.py:541} INFO - Filling up the DagBag from /opt/airflow/dags/carga_dato.py
[2025-04-05T02:22:49.230+0000] {processor.py:809} INFO - DAG(s) dict_keys(['data_loading_dag']) retrieved from /opt/airflow/dags/carga_dato.py
[2025-04-05T02:22:49.440+0000] {logging_mixin.py:149} INFO - [2025-04-05T02:22:49.439+0000] {dag.py:2726} INFO - Sync 1 DAGs
[2025-04-05T02:22:49.526+0000] {logging_mixin.py:149} INFO - [2025-04-05T02:22:49.526+0000] {dag.py:3486} INFO - Setting next_dagrun for data_loading_dag to 2025-04-02T00:00:00+00:00, run_after=2025-04-03T00:00:00+00:00
[2025-04-05T02:22:49.597+0000] {processor.py:178} INFO - Processing /opt/airflow/dags/carga_dato.py took 4.077 seconds
[2025-04-05T02:23:20.608+0000] {processor.py:156} INFO - Started process (PID=232) to work on /opt/airflow/dags/carga_dato.py
[2025-04-05T02:23:20.616+0000] {processor.py:799} INFO - Processing file /opt/airflow/dags/carga_dato.py for tasks to queue
[2025-04-05T02:23:20.622+0000] {logging_mixin.py:149} INFO - [2025-04-05T02:23:20.622+0000] {dagbag.py:541} INFO - Filling up the DagBag from /opt/airflow/dags/carga_dato.py
[2025-04-05T02:23:21.536+0000] {processor.py:809} INFO - DAG(s) dict_keys(['data_loading_dag']) retrieved from /opt/airflow/dags/carga_dato.py
[2025-04-05T02:23:21.570+0000] {logging_mixin.py:149} INFO - [2025-04-05T02:23:21.569+0000] {dag.py:2726} INFO - Sync 1 DAGs
[2025-04-05T02:23:21.598+0000] {logging_mixin.py:149} INFO - [2025-04-05T02:23:21.597+0000] {dag.py:3486} INFO - Setting next_dagrun for data_loading_dag to 2025-04-02T00:00:00+00:00, run_after=2025-04-03T00:00:00+00:00
[2025-04-05T02:23:21.624+0000] {processor.py:178} INFO - Processing /opt/airflow/dags/carga_dato.py took 1.022 seconds
[2025-04-05T02:23:52.524+0000] {processor.py:156} INFO - Started process (PID=252) to work on /opt/airflow/dags/carga_dato.py
[2025-04-05T02:23:52.526+0000] {processor.py:799} INFO - Processing file /opt/airflow/dags/carga_dato.py for tasks to queue
[2025-04-05T02:23:52.528+0000] {logging_mixin.py:149} INFO - [2025-04-05T02:23:52.528+0000] {dagbag.py:541} INFO - Filling up the DagBag from /opt/airflow/dags/carga_dato.py
[2025-04-05T02:23:56.034+0000] {processor.py:809} INFO - DAG(s) dict_keys(['data_loading_dag']) retrieved from /opt/airflow/dags/carga_dato.py
[2025-04-05T02:23:56.128+0000] {logging_mixin.py:149} INFO - [2025-04-05T02:23:56.127+0000] {dag.py:2726} INFO - Sync 1 DAGs
[2025-04-05T02:23:56.183+0000] {logging_mixin.py:149} INFO - [2025-04-05T02:23:56.183+0000] {dag.py:3486} INFO - Setting next_dagrun for data_loading_dag to 2025-04-02T00:00:00+00:00, run_after=2025-04-03T00:00:00+00:00
[2025-04-05T02:23:56.217+0000] {processor.py:178} INFO - Processing /opt/airflow/dags/carga_dato.py took 3.698 seconds
[2025-04-05T02:24:27.285+0000] {processor.py:156} INFO - Started process (PID=272) to work on /opt/airflow/dags/carga_dato.py
[2025-04-05T02:24:27.287+0000] {processor.py:799} INFO - Processing file /opt/airflow/dags/carga_dato.py for tasks to queue
[2025-04-05T02:24:27.289+0000] {logging_mixin.py:149} INFO - [2025-04-05T02:24:27.288+0000] {dagbag.py:541} INFO - Filling up the DagBag from /opt/airflow/dags/carga_dato.py
[2025-04-05T02:24:28.952+0000] {processor.py:809} INFO - DAG(s) dict_keys(['data_loading_dag']) retrieved from /opt/airflow/dags/carga_dato.py
[2025-04-05T02:24:29.040+0000] {logging_mixin.py:149} INFO - [2025-04-05T02:24:29.036+0000] {dag.py:2726} INFO - Sync 1 DAGs
[2025-04-05T02:24:29.118+0000] {logging_mixin.py:149} INFO - [2025-04-05T02:24:29.117+0000] {dag.py:3486} INFO - Setting next_dagrun for data_loading_dag to 2025-04-02T00:00:00+00:00, run_after=2025-04-03T00:00:00+00:00
[2025-04-05T02:24:29.206+0000] {processor.py:178} INFO - Processing /opt/airflow/dags/carga_dato.py took 1.932 seconds
[2025-04-05T02:24:59.308+0000] {processor.py:156} INFO - Started process (PID=292) to work on /opt/airflow/dags/carga_dato.py
[2025-04-05T02:24:59.309+0000] {processor.py:799} INFO - Processing file /opt/airflow/dags/carga_dato.py for tasks to queue
[2025-04-05T02:24:59.310+0000] {logging_mixin.py:149} INFO - [2025-04-05T02:24:59.310+0000] {dagbag.py:541} INFO - Filling up the DagBag from /opt/airflow/dags/carga_dato.py
[2025-04-05T02:25:00.487+0000] {processor.py:809} INFO - DAG(s) dict_keys(['data_loading_dag']) retrieved from /opt/airflow/dags/carga_dato.py
[2025-04-05T02:25:00.579+0000] {logging_mixin.py:149} INFO - [2025-04-05T02:25:00.578+0000] {dag.py:2726} INFO - Sync 1 DAGs
[2025-04-05T02:25:00.634+0000] {logging_mixin.py:149} INFO - [2025-04-05T02:25:00.634+0000] {dag.py:3486} INFO - Setting next_dagrun for data_loading_dag to 2025-04-02T00:00:00+00:00, run_after=2025-04-03T00:00:00+00:00
[2025-04-05T02:25:00.800+0000] {processor.py:178} INFO - Processing /opt/airflow/dags/carga_dato.py took 1.496 seconds
[2025-04-05T02:25:30.871+0000] {processor.py:156} INFO - Started process (PID=312) to work on /opt/airflow/dags/carga_dato.py
[2025-04-05T02:25:30.873+0000] {processor.py:799} INFO - Processing file /opt/airflow/dags/carga_dato.py for tasks to queue
[2025-04-05T02:25:30.878+0000] {logging_mixin.py:149} INFO - [2025-04-05T02:25:30.877+0000] {dagbag.py:541} INFO - Filling up the DagBag from /opt/airflow/dags/carga_dato.py
[2025-04-05T02:25:31.942+0000] {processor.py:809} INFO - DAG(s) dict_keys(['data_loading_dag']) retrieved from /opt/airflow/dags/carga_dato.py
[2025-04-05T02:25:32.004+0000] {logging_mixin.py:149} INFO - [2025-04-05T02:25:32.002+0000] {dag.py:2726} INFO - Sync 1 DAGs
[2025-04-05T02:25:32.060+0000] {logging_mixin.py:149} INFO - [2025-04-05T02:25:32.060+0000] {dag.py:3486} INFO - Setting next_dagrun for data_loading_dag to 2025-04-02T00:00:00+00:00, run_after=2025-04-03T00:00:00+00:00
[2025-04-05T02:25:32.110+0000] {processor.py:178} INFO - Processing /opt/airflow/dags/carga_dato.py took 1.243 seconds
[2025-04-05T02:26:02.353+0000] {processor.py:156} INFO - Started process (PID=332) to work on /opt/airflow/dags/carga_dato.py
[2025-04-05T02:26:02.355+0000] {processor.py:799} INFO - Processing file /opt/airflow/dags/carga_dato.py for tasks to queue
[2025-04-05T02:26:02.357+0000] {logging_mixin.py:149} INFO - [2025-04-05T02:26:02.357+0000] {dagbag.py:541} INFO - Filling up the DagBag from /opt/airflow/dags/carga_dato.py
[2025-04-05T02:26:03.141+0000] {processor.py:809} INFO - DAG(s) dict_keys(['data_loading_dag']) retrieved from /opt/airflow/dags/carga_dato.py
[2025-04-05T02:26:03.182+0000] {logging_mixin.py:149} INFO - [2025-04-05T02:26:03.182+0000] {dag.py:2726} INFO - Sync 1 DAGs
[2025-04-05T02:26:03.210+0000] {logging_mixin.py:149} INFO - [2025-04-05T02:26:03.210+0000] {dag.py:3486} INFO - Setting next_dagrun for data_loading_dag to 2025-04-02T00:00:00+00:00, run_after=2025-04-03T00:00:00+00:00
[2025-04-05T02:26:03.233+0000] {processor.py:178} INFO - Processing /opt/airflow/dags/carga_dato.py took 0.883 seconds
[2025-04-05T02:26:33.968+0000] {processor.py:156} INFO - Started process (PID=352) to work on /opt/airflow/dags/carga_dato.py
[2025-04-05T02:26:33.970+0000] {processor.py:799} INFO - Processing file /opt/airflow/dags/carga_dato.py for tasks to queue
[2025-04-05T02:26:33.972+0000] {logging_mixin.py:149} INFO - [2025-04-05T02:26:33.972+0000] {dagbag.py:541} INFO - Filling up the DagBag from /opt/airflow/dags/carga_dato.py
[2025-04-05T02:26:35.219+0000] {processor.py:809} INFO - DAG(s) dict_keys(['data_loading_dag']) retrieved from /opt/airflow/dags/carga_dato.py
[2025-04-05T02:26:35.273+0000] {logging_mixin.py:149} INFO - [2025-04-05T02:26:35.272+0000] {dag.py:2726} INFO - Sync 1 DAGs
[2025-04-05T02:26:35.323+0000] {logging_mixin.py:149} INFO - [2025-04-05T02:26:35.322+0000] {dag.py:3486} INFO - Setting next_dagrun for data_loading_dag to 2025-04-02T00:00:00+00:00, run_after=2025-04-03T00:00:00+00:00
[2025-04-05T02:26:35.360+0000] {processor.py:178} INFO - Processing /opt/airflow/dags/carga_dato.py took 1.397 seconds
[2025-04-05T02:27:05.641+0000] {processor.py:156} INFO - Started process (PID=372) to work on /opt/airflow/dags/carga_dato.py
[2025-04-05T02:27:05.642+0000] {processor.py:799} INFO - Processing file /opt/airflow/dags/carga_dato.py for tasks to queue
[2025-04-05T02:27:05.644+0000] {logging_mixin.py:149} INFO - [2025-04-05T02:27:05.644+0000] {dagbag.py:541} INFO - Filling up the DagBag from /opt/airflow/dags/carga_dato.py
[2025-04-05T02:27:10.066+0000] {processor.py:809} INFO - DAG(s) dict_keys(['data_loading_dag']) retrieved from /opt/airflow/dags/carga_dato.py
[2025-04-05T02:27:10.154+0000] {logging_mixin.py:149} INFO - [2025-04-05T02:27:10.153+0000] {dag.py:2726} INFO - Sync 1 DAGs
[2025-04-05T02:27:10.228+0000] {logging_mixin.py:149} INFO - [2025-04-05T02:27:10.227+0000] {dag.py:3486} INFO - Setting next_dagrun for data_loading_dag to 2025-04-02T00:00:00+00:00, run_after=2025-04-03T00:00:00+00:00
[2025-04-05T02:27:10.303+0000] {processor.py:178} INFO - Processing /opt/airflow/dags/carga_dato.py took 4.667 seconds
[2025-04-05T02:27:40.840+0000] {processor.py:156} INFO - Started process (PID=392) to work on /opt/airflow/dags/carga_dato.py
[2025-04-05T02:27:40.842+0000] {processor.py:799} INFO - Processing file /opt/airflow/dags/carga_dato.py for tasks to queue
[2025-04-05T02:27:40.843+0000] {logging_mixin.py:149} INFO - [2025-04-05T02:27:40.843+0000] {dagbag.py:541} INFO - Filling up the DagBag from /opt/airflow/dags/carga_dato.py
[2025-04-05T02:27:43.031+0000] {processor.py:809} INFO - DAG(s) dict_keys(['data_loading_dag']) retrieved from /opt/airflow/dags/carga_dato.py
[2025-04-05T02:27:43.123+0000] {logging_mixin.py:149} INFO - [2025-04-05T02:27:43.122+0000] {dag.py:2726} INFO - Sync 1 DAGs
[2025-04-05T02:27:43.197+0000] {logging_mixin.py:149} INFO - [2025-04-05T02:27:43.197+0000] {dag.py:3486} INFO - Setting next_dagrun for data_loading_dag to 2025-04-02T00:00:00+00:00, run_after=2025-04-03T00:00:00+00:00
[2025-04-05T02:27:43.386+0000] {processor.py:178} INFO - Processing /opt/airflow/dags/carga_dato.py took 2.551 seconds
[2025-04-05T02:28:13.791+0000] {processor.py:156} INFO - Started process (PID=412) to work on /opt/airflow/dags/carga_dato.py
[2025-04-05T02:28:13.792+0000] {processor.py:799} INFO - Processing file /opt/airflow/dags/carga_dato.py for tasks to queue
[2025-04-05T02:28:13.794+0000] {logging_mixin.py:149} INFO - [2025-04-05T02:28:13.794+0000] {dagbag.py:541} INFO - Filling up the DagBag from /opt/airflow/dags/carga_dato.py
[2025-04-05T02:28:14.569+0000] {processor.py:809} INFO - DAG(s) dict_keys(['data_loading_dag']) retrieved from /opt/airflow/dags/carga_dato.py
[2025-04-05T02:28:14.602+0000] {logging_mixin.py:149} INFO - [2025-04-05T02:28:14.601+0000] {dag.py:2726} INFO - Sync 1 DAGs
[2025-04-05T02:28:14.632+0000] {logging_mixin.py:149} INFO - [2025-04-05T02:28:14.632+0000] {dag.py:3486} INFO - Setting next_dagrun for data_loading_dag to 2025-04-02T00:00:00+00:00, run_after=2025-04-03T00:00:00+00:00
[2025-04-05T02:28:14.656+0000] {processor.py:178} INFO - Processing /opt/airflow/dags/carga_dato.py took 0.868 seconds
[2025-04-05T02:28:45.035+0000] {processor.py:156} INFO - Started process (PID=432) to work on /opt/airflow/dags/carga_dato.py
[2025-04-05T02:28:45.036+0000] {processor.py:799} INFO - Processing file /opt/airflow/dags/carga_dato.py for tasks to queue
[2025-04-05T02:28:45.038+0000] {logging_mixin.py:149} INFO - [2025-04-05T02:28:45.038+0000] {dagbag.py:541} INFO - Filling up the DagBag from /opt/airflow/dags/carga_dato.py
[2025-04-05T02:28:46.163+0000] {processor.py:809} INFO - DAG(s) dict_keys(['data_loading_dag']) retrieved from /opt/airflow/dags/carga_dato.py
[2025-04-05T02:28:46.245+0000] {logging_mixin.py:149} INFO - [2025-04-05T02:28:46.243+0000] {dag.py:2726} INFO - Sync 1 DAGs
[2025-04-05T02:28:46.368+0000] {logging_mixin.py:149} INFO - [2025-04-05T02:28:46.368+0000] {dag.py:3486} INFO - Setting next_dagrun for data_loading_dag to 2025-04-02T00:00:00+00:00, run_after=2025-04-03T00:00:00+00:00
[2025-04-05T02:28:46.404+0000] {processor.py:178} INFO - Processing /opt/airflow/dags/carga_dato.py took 1.372 seconds
[2025-04-05T02:29:16.528+0000] {processor.py:156} INFO - Started process (PID=452) to work on /opt/airflow/dags/carga_dato.py
[2025-04-05T02:29:16.529+0000] {processor.py:799} INFO - Processing file /opt/airflow/dags/carga_dato.py for tasks to queue
[2025-04-05T02:29:16.531+0000] {logging_mixin.py:149} INFO - [2025-04-05T02:29:16.530+0000] {dagbag.py:541} INFO - Filling up the DagBag from /opt/airflow/dags/carga_dato.py
[2025-04-05T02:29:17.498+0000] {processor.py:809} INFO - DAG(s) dict_keys(['data_loading_dag']) retrieved from /opt/airflow/dags/carga_dato.py
[2025-04-05T02:29:17.532+0000] {logging_mixin.py:149} INFO - [2025-04-05T02:29:17.532+0000] {dag.py:2726} INFO - Sync 1 DAGs
[2025-04-05T02:29:17.566+0000] {logging_mixin.py:149} INFO - [2025-04-05T02:29:17.566+0000] {dag.py:3486} INFO - Setting next_dagrun for data_loading_dag to 2025-04-02T00:00:00+00:00, run_after=2025-04-03T00:00:00+00:00
[2025-04-05T02:29:17.591+0000] {processor.py:178} INFO - Processing /opt/airflow/dags/carga_dato.py took 1.068 seconds
[2025-04-05T02:29:48.192+0000] {processor.py:156} INFO - Started process (PID=470) to work on /opt/airflow/dags/carga_dato.py
[2025-04-05T02:29:48.205+0000] {processor.py:799} INFO - Processing file /opt/airflow/dags/carga_dato.py for tasks to queue
[2025-04-05T02:29:48.209+0000] {logging_mixin.py:149} INFO - [2025-04-05T02:29:48.208+0000] {dagbag.py:541} INFO - Filling up the DagBag from /opt/airflow/dags/carga_dato.py
[2025-04-05T02:29:52.204+0000] {processor.py:809} INFO - DAG(s) dict_keys(['data_loading_dag']) retrieved from /opt/airflow/dags/carga_dato.py
[2025-04-05T02:29:52.321+0000] {logging_mixin.py:149} INFO - [2025-04-05T02:29:52.318+0000] {dag.py:2726} INFO - Sync 1 DAGs
[2025-04-05T02:29:52.426+0000] {logging_mixin.py:149} INFO - [2025-04-05T02:29:52.426+0000] {dag.py:3486} INFO - Setting next_dagrun for data_loading_dag to 2025-04-02T00:00:00+00:00, run_after=2025-04-03T00:00:00+00:00
[2025-04-05T02:29:52.464+0000] {processor.py:178} INFO - Processing /opt/airflow/dags/carga_dato.py took 4.293 seconds
[2025-04-05T02:30:23.057+0000] {processor.py:156} INFO - Started process (PID=485) to work on /opt/airflow/dags/carga_dato.py
[2025-04-05T02:30:23.071+0000] {processor.py:799} INFO - Processing file /opt/airflow/dags/carga_dato.py for tasks to queue
[2025-04-05T02:30:23.079+0000] {logging_mixin.py:149} INFO - [2025-04-05T02:30:23.079+0000] {dagbag.py:541} INFO - Filling up the DagBag from /opt/airflow/dags/carga_dato.py
[2025-04-05T02:30:26.171+0000] {processor.py:809} INFO - DAG(s) dict_keys(['data_loading_dag']) retrieved from /opt/airflow/dags/carga_dato.py
[2025-04-05T02:30:26.339+0000] {logging_mixin.py:149} INFO - [2025-04-05T02:30:26.338+0000] {dag.py:2726} INFO - Sync 1 DAGs
[2025-04-05T02:30:26.409+0000] {logging_mixin.py:149} INFO - [2025-04-05T02:30:26.406+0000] {dag.py:3486} INFO - Setting next_dagrun for data_loading_dag to 2025-04-02T00:00:00+00:00, run_after=2025-04-03T00:00:00+00:00
[2025-04-05T02:30:26.596+0000] {processor.py:178} INFO - Processing /opt/airflow/dags/carga_dato.py took 3.556 seconds
[2025-04-05T02:30:57.840+0000] {processor.py:156} INFO - Started process (PID=504) to work on /opt/airflow/dags/carga_dato.py
[2025-04-05T02:30:57.848+0000] {processor.py:799} INFO - Processing file /opt/airflow/dags/carga_dato.py for tasks to queue
[2025-04-05T02:30:57.851+0000] {logging_mixin.py:149} INFO - [2025-04-05T02:30:57.850+0000] {dagbag.py:541} INFO - Filling up the DagBag from /opt/airflow/dags/carga_dato.py
[2025-04-05T02:31:00.415+0000] {processor.py:809} INFO - DAG(s) dict_keys(['data_loading_dag']) retrieved from /opt/airflow/dags/carga_dato.py
[2025-04-05T02:31:00.581+0000] {logging_mixin.py:149} INFO - [2025-04-05T02:31:00.576+0000] {dag.py:2726} INFO - Sync 1 DAGs
[2025-04-05T02:31:00.676+0000] {logging_mixin.py:149} INFO - [2025-04-05T02:31:00.676+0000] {dag.py:3486} INFO - Setting next_dagrun for data_loading_dag to 2025-04-02T00:00:00+00:00, run_after=2025-04-03T00:00:00+00:00
[2025-04-05T02:31:00.746+0000] {processor.py:178} INFO - Processing /opt/airflow/dags/carga_dato.py took 2.932 seconds
[2025-04-05T02:31:31.657+0000] {processor.py:156} INFO - Started process (PID=524) to work on /opt/airflow/dags/carga_dato.py
[2025-04-05T02:31:31.658+0000] {processor.py:799} INFO - Processing file /opt/airflow/dags/carga_dato.py for tasks to queue
[2025-04-05T02:31:31.659+0000] {logging_mixin.py:149} INFO - [2025-04-05T02:31:31.659+0000] {dagbag.py:541} INFO - Filling up the DagBag from /opt/airflow/dags/carga_dato.py
[2025-04-05T02:31:32.346+0000] {processor.py:809} INFO - DAG(s) dict_keys(['data_loading_dag']) retrieved from /opt/airflow/dags/carga_dato.py
[2025-04-05T02:31:32.381+0000] {logging_mixin.py:149} INFO - [2025-04-05T02:31:32.380+0000] {dag.py:2726} INFO - Sync 1 DAGs
[2025-04-05T02:31:32.404+0000] {logging_mixin.py:149} INFO - [2025-04-05T02:31:32.404+0000] {dag.py:3486} INFO - Setting next_dagrun for data_loading_dag to 2025-04-02T00:00:00+00:00, run_after=2025-04-03T00:00:00+00:00
[2025-04-05T02:31:32.430+0000] {processor.py:178} INFO - Processing /opt/airflow/dags/carga_dato.py took 0.777 seconds
[2025-04-05T02:32:03.260+0000] {processor.py:156} INFO - Started process (PID=544) to work on /opt/airflow/dags/carga_dato.py
[2025-04-05T02:32:03.262+0000] {processor.py:799} INFO - Processing file /opt/airflow/dags/carga_dato.py for tasks to queue
[2025-04-05T02:32:03.263+0000] {logging_mixin.py:149} INFO - [2025-04-05T02:32:03.262+0000] {dagbag.py:541} INFO - Filling up the DagBag from /opt/airflow/dags/carga_dato.py
[2025-04-05T02:32:04.084+0000] {processor.py:809} INFO - DAG(s) dict_keys(['data_loading_dag']) retrieved from /opt/airflow/dags/carga_dato.py
[2025-04-05T02:32:04.114+0000] {logging_mixin.py:149} INFO - [2025-04-05T02:32:04.114+0000] {dag.py:2726} INFO - Sync 1 DAGs
[2025-04-05T02:32:04.140+0000] {logging_mixin.py:149} INFO - [2025-04-05T02:32:04.140+0000] {dag.py:3486} INFO - Setting next_dagrun for data_loading_dag to 2025-04-02T00:00:00+00:00, run_after=2025-04-03T00:00:00+00:00
[2025-04-05T02:32:04.166+0000] {processor.py:178} INFO - Processing /opt/airflow/dags/carga_dato.py took 0.909 seconds
[2025-04-05T02:32:34.529+0000] {processor.py:156} INFO - Started process (PID=565) to work on /opt/airflow/dags/carga_dato.py
[2025-04-05T02:32:34.530+0000] {processor.py:799} INFO - Processing file /opt/airflow/dags/carga_dato.py for tasks to queue
[2025-04-05T02:32:34.532+0000] {logging_mixin.py:149} INFO - [2025-04-05T02:32:34.531+0000] {dagbag.py:541} INFO - Filling up the DagBag from /opt/airflow/dags/carga_dato.py
[2025-04-05T02:32:35.224+0000] {processor.py:809} INFO - DAG(s) dict_keys(['data_loading_dag']) retrieved from /opt/airflow/dags/carga_dato.py
[2025-04-05T02:32:35.257+0000] {logging_mixin.py:149} INFO - [2025-04-05T02:32:35.257+0000] {dag.py:2726} INFO - Sync 1 DAGs
[2025-04-05T02:32:35.281+0000] {logging_mixin.py:149} INFO - [2025-04-05T02:32:35.281+0000] {dag.py:3486} INFO - Setting next_dagrun for data_loading_dag to 2025-04-02T00:00:00+00:00, run_after=2025-04-03T00:00:00+00:00
[2025-04-05T02:32:35.310+0000] {processor.py:178} INFO - Processing /opt/airflow/dags/carga_dato.py took 0.786 seconds
[2025-04-05T02:33:05.560+0000] {processor.py:156} INFO - Started process (PID=585) to work on /opt/airflow/dags/carga_dato.py
[2025-04-05T02:33:05.565+0000] {processor.py:799} INFO - Processing file /opt/airflow/dags/carga_dato.py for tasks to queue
[2025-04-05T02:33:05.566+0000] {logging_mixin.py:149} INFO - [2025-04-05T02:33:05.566+0000] {dagbag.py:541} INFO - Filling up the DagBag from /opt/airflow/dags/carga_dato.py
[2025-04-05T02:33:06.654+0000] {processor.py:809} INFO - DAG(s) dict_keys(['data_loading_dag']) retrieved from /opt/airflow/dags/carga_dato.py
[2025-04-05T02:33:06.729+0000] {logging_mixin.py:149} INFO - [2025-04-05T02:33:06.728+0000] {dag.py:2726} INFO - Sync 1 DAGs
[2025-04-05T02:33:06.785+0000] {logging_mixin.py:149} INFO - [2025-04-05T02:33:06.785+0000] {dag.py:3486} INFO - Setting next_dagrun for data_loading_dag to 2025-04-02T00:00:00+00:00, run_after=2025-04-03T00:00:00+00:00
[2025-04-05T02:33:06.826+0000] {processor.py:178} INFO - Processing /opt/airflow/dags/carga_dato.py took 1.271 seconds
[2025-04-05T02:33:37.133+0000] {processor.py:156} INFO - Started process (PID=605) to work on /opt/airflow/dags/carga_dato.py
[2025-04-05T02:33:37.134+0000] {processor.py:799} INFO - Processing file /opt/airflow/dags/carga_dato.py for tasks to queue
[2025-04-05T02:33:37.135+0000] {logging_mixin.py:149} INFO - [2025-04-05T02:33:37.135+0000] {dagbag.py:541} INFO - Filling up the DagBag from /opt/airflow/dags/carga_dato.py
[2025-04-05T02:33:37.802+0000] {processor.py:809} INFO - DAG(s) dict_keys(['data_loading_dag']) retrieved from /opt/airflow/dags/carga_dato.py
[2025-04-05T02:33:37.831+0000] {logging_mixin.py:149} INFO - [2025-04-05T02:33:37.830+0000] {dag.py:2726} INFO - Sync 1 DAGs
[2025-04-05T02:33:37.855+0000] {logging_mixin.py:149} INFO - [2025-04-05T02:33:37.855+0000] {dag.py:3486} INFO - Setting next_dagrun for data_loading_dag to 2025-04-02T00:00:00+00:00, run_after=2025-04-03T00:00:00+00:00
[2025-04-05T02:33:37.884+0000] {processor.py:178} INFO - Processing /opt/airflow/dags/carga_dato.py took 0.756 seconds
[2025-04-05T02:34:08.241+0000] {processor.py:156} INFO - Started process (PID=625) to work on /opt/airflow/dags/carga_dato.py
[2025-04-05T02:34:08.244+0000] {processor.py:799} INFO - Processing file /opt/airflow/dags/carga_dato.py for tasks to queue
[2025-04-05T02:34:08.245+0000] {logging_mixin.py:149} INFO - [2025-04-05T02:34:08.245+0000] {dagbag.py:541} INFO - Filling up the DagBag from /opt/airflow/dags/carga_dato.py
[2025-04-05T02:34:09.736+0000] {processor.py:809} INFO - DAG(s) dict_keys(['data_loading_dag']) retrieved from /opt/airflow/dags/carga_dato.py
[2025-04-05T02:34:09.803+0000] {logging_mixin.py:149} INFO - [2025-04-05T02:34:09.803+0000] {dag.py:2726} INFO - Sync 1 DAGs
[2025-04-05T02:34:09.846+0000] {logging_mixin.py:149} INFO - [2025-04-05T02:34:09.846+0000] {dag.py:3486} INFO - Setting next_dagrun for data_loading_dag to 2025-04-02T00:00:00+00:00, run_after=2025-04-03T00:00:00+00:00
[2025-04-05T02:34:09.893+0000] {processor.py:178} INFO - Processing /opt/airflow/dags/carga_dato.py took 1.657 seconds
[2025-04-05T02:34:40.325+0000] {processor.py:156} INFO - Started process (PID=637) to work on /opt/airflow/dags/carga_dato.py
[2025-04-05T02:34:40.327+0000] {processor.py:799} INFO - Processing file /opt/airflow/dags/carga_dato.py for tasks to queue
[2025-04-05T02:34:40.334+0000] {logging_mixin.py:149} INFO - [2025-04-05T02:34:40.328+0000] {dagbag.py:541} INFO - Filling up the DagBag from /opt/airflow/dags/carga_dato.py
[2025-04-05T02:34:41.833+0000] {processor.py:809} INFO - DAG(s) dict_keys(['data_loading_dag']) retrieved from /opt/airflow/dags/carga_dato.py
[2025-04-05T02:34:41.876+0000] {logging_mixin.py:149} INFO - [2025-04-05T02:34:41.875+0000] {dag.py:2726} INFO - Sync 1 DAGs
[2025-04-05T02:34:41.918+0000] {logging_mixin.py:149} INFO - [2025-04-05T02:34:41.918+0000] {dag.py:3486} INFO - Setting next_dagrun for data_loading_dag to 2025-04-02T00:00:00+00:00, run_after=2025-04-03T00:00:00+00:00
[2025-04-05T02:34:41.951+0000] {processor.py:178} INFO - Processing /opt/airflow/dags/carga_dato.py took 1.634 seconds
[2025-04-05T02:35:12.189+0000] {processor.py:156} INFO - Started process (PID=664) to work on /opt/airflow/dags/carga_dato.py
[2025-04-05T02:35:12.191+0000] {processor.py:799} INFO - Processing file /opt/airflow/dags/carga_dato.py for tasks to queue
[2025-04-05T02:35:12.193+0000] {logging_mixin.py:149} INFO - [2025-04-05T02:35:12.193+0000] {dagbag.py:541} INFO - Filling up the DagBag from /opt/airflow/dags/carga_dato.py
[2025-04-05T02:35:13.104+0000] {processor.py:809} INFO - DAG(s) dict_keys(['data_loading_dag']) retrieved from /opt/airflow/dags/carga_dato.py
[2025-04-05T02:35:13.148+0000] {logging_mixin.py:149} INFO - [2025-04-05T02:35:13.147+0000] {dag.py:2726} INFO - Sync 1 DAGs
[2025-04-05T02:35:13.193+0000] {logging_mixin.py:149} INFO - [2025-04-05T02:35:13.193+0000] {dag.py:3486} INFO - Setting next_dagrun for data_loading_dag to 2025-04-02T00:00:00+00:00, run_after=2025-04-03T00:00:00+00:00
[2025-04-05T02:35:13.220+0000] {processor.py:178} INFO - Processing /opt/airflow/dags/carga_dato.py took 1.036 seconds
[2025-04-05T02:35:43.635+0000] {processor.py:156} INFO - Started process (PID=684) to work on /opt/airflow/dags/carga_dato.py
[2025-04-05T02:35:43.637+0000] {processor.py:799} INFO - Processing file /opt/airflow/dags/carga_dato.py for tasks to queue
[2025-04-05T02:35:43.639+0000] {logging_mixin.py:149} INFO - [2025-04-05T02:35:43.638+0000] {dagbag.py:541} INFO - Filling up the DagBag from /opt/airflow/dags/carga_dato.py
[2025-04-05T02:35:44.582+0000] {processor.py:809} INFO - DAG(s) dict_keys(['data_loading_dag']) retrieved from /opt/airflow/dags/carga_dato.py
[2025-04-05T02:35:44.636+0000] {logging_mixin.py:149} INFO - [2025-04-05T02:35:44.635+0000] {dag.py:2726} INFO - Sync 1 DAGs
[2025-04-05T02:35:44.685+0000] {logging_mixin.py:149} INFO - [2025-04-05T02:35:44.685+0000] {dag.py:3486} INFO - Setting next_dagrun for data_loading_dag to 2025-04-05T00:00:00+00:00, run_after=2025-04-06T00:00:00+00:00
[2025-04-05T02:35:44.737+0000] {processor.py:178} INFO - Processing /opt/airflow/dags/carga_dato.py took 1.106 seconds
[2025-04-05T02:36:15.566+0000] {processor.py:156} INFO - Started process (PID=704) to work on /opt/airflow/dags/carga_dato.py
[2025-04-05T02:36:15.571+0000] {processor.py:799} INFO - Processing file /opt/airflow/dags/carga_dato.py for tasks to queue
[2025-04-05T02:36:15.584+0000] {logging_mixin.py:149} INFO - [2025-04-05T02:36:15.583+0000] {dagbag.py:541} INFO - Filling up the DagBag from /opt/airflow/dags/carga_dato.py
[2025-04-05T02:36:18.488+0000] {processor.py:809} INFO - DAG(s) dict_keys(['data_loading_dag']) retrieved from /opt/airflow/dags/carga_dato.py
[2025-04-05T02:36:18.552+0000] {logging_mixin.py:149} INFO - [2025-04-05T02:36:18.552+0000] {dag.py:2726} INFO - Sync 1 DAGs
[2025-04-05T02:36:18.608+0000] {logging_mixin.py:149} INFO - [2025-04-05T02:36:18.607+0000] {dag.py:3486} INFO - Setting next_dagrun for data_loading_dag to 2025-04-05T00:00:00+00:00, run_after=2025-04-06T00:00:00+00:00
[2025-04-05T02:36:18.895+0000] {processor.py:178} INFO - Processing /opt/airflow/dags/carga_dato.py took 3.347 seconds
[2025-04-05T02:36:49.647+0000] {processor.py:156} INFO - Started process (PID=723) to work on /opt/airflow/dags/carga_dato.py
[2025-04-05T02:36:49.656+0000] {processor.py:799} INFO - Processing file /opt/airflow/dags/carga_dato.py for tasks to queue
[2025-04-05T02:36:49.658+0000] {logging_mixin.py:149} INFO - [2025-04-05T02:36:49.658+0000] {dagbag.py:541} INFO - Filling up the DagBag from /opt/airflow/dags/carga_dato.py
[2025-04-05T02:36:50.795+0000] {processor.py:809} INFO - DAG(s) dict_keys(['data_loading_dag']) retrieved from /opt/airflow/dags/carga_dato.py
[2025-04-05T02:36:50.830+0000] {logging_mixin.py:149} INFO - [2025-04-05T02:36:50.829+0000] {dag.py:2726} INFO - Sync 1 DAGs
[2025-04-05T02:36:50.864+0000] {logging_mixin.py:149} INFO - [2025-04-05T02:36:50.863+0000] {dag.py:3486} INFO - Setting next_dagrun for data_loading_dag to 2025-04-05T00:00:00+00:00, run_after=2025-04-06T00:00:00+00:00
[2025-04-05T02:36:50.892+0000] {processor.py:178} INFO - Processing /opt/airflow/dags/carga_dato.py took 1.250 seconds
[2025-04-05T02:37:21.963+0000] {processor.py:156} INFO - Started process (PID=743) to work on /opt/airflow/dags/carga_dato.py
[2025-04-05T02:37:21.971+0000] {processor.py:799} INFO - Processing file /opt/airflow/dags/carga_dato.py for tasks to queue
[2025-04-05T02:37:21.979+0000] {logging_mixin.py:149} INFO - [2025-04-05T02:37:21.972+0000] {dagbag.py:541} INFO - Filling up the DagBag from /opt/airflow/dags/carga_dato.py
[2025-04-05T02:37:24.081+0000] {processor.py:809} INFO - DAG(s) dict_keys(['data_loading_dag']) retrieved from /opt/airflow/dags/carga_dato.py
[2025-04-05T02:37:24.187+0000] {logging_mixin.py:149} INFO - [2025-04-05T02:37:24.186+0000] {dag.py:2726} INFO - Sync 1 DAGs
[2025-04-05T02:37:24.269+0000] {logging_mixin.py:149} INFO - [2025-04-05T02:37:24.268+0000] {dag.py:3486} INFO - Setting next_dagrun for data_loading_dag to 2025-04-05T00:00:00+00:00, run_after=2025-04-06T00:00:00+00:00
[2025-04-05T02:37:24.307+0000] {processor.py:178} INFO - Processing /opt/airflow/dags/carga_dato.py took 2.362 seconds
[2025-04-05T02:37:54.446+0000] {processor.py:156} INFO - Started process (PID=755) to work on /opt/airflow/dags/carga_dato.py
[2025-04-05T02:37:54.447+0000] {processor.py:799} INFO - Processing file /opt/airflow/dags/carga_dato.py for tasks to queue
[2025-04-05T02:37:54.448+0000] {logging_mixin.py:149} INFO - [2025-04-05T02:37:54.448+0000] {dagbag.py:541} INFO - Filling up the DagBag from /opt/airflow/dags/carga_dato.py
[2025-04-05T02:37:56.176+0000] {processor.py:809} INFO - DAG(s) dict_keys(['data_loading_dag']) retrieved from /opt/airflow/dags/carga_dato.py
[2025-04-05T02:37:56.228+0000] {logging_mixin.py:149} INFO - [2025-04-05T02:37:56.227+0000] {dag.py:2726} INFO - Sync 1 DAGs
[2025-04-05T02:37:56.275+0000] {logging_mixin.py:149} INFO - [2025-04-05T02:37:56.275+0000] {dag.py:3486} INFO - Setting next_dagrun for data_loading_dag to 2025-04-05T00:00:00+00:00, run_after=2025-04-06T00:00:00+00:00
[2025-04-05T02:37:56.312+0000] {processor.py:178} INFO - Processing /opt/airflow/dags/carga_dato.py took 1.874 seconds
[2025-04-05T02:38:26.570+0000] {processor.py:156} INFO - Started process (PID=775) to work on /opt/airflow/dags/carga_dato.py
[2025-04-05T02:38:26.571+0000] {processor.py:799} INFO - Processing file /opt/airflow/dags/carga_dato.py for tasks to queue
[2025-04-05T02:38:26.572+0000] {logging_mixin.py:149} INFO - [2025-04-05T02:38:26.572+0000] {dagbag.py:541} INFO - Filling up the DagBag from /opt/airflow/dags/carga_dato.py
[2025-04-05T02:38:27.613+0000] {processor.py:809} INFO - DAG(s) dict_keys(['data_loading_dag']) retrieved from /opt/airflow/dags/carga_dato.py
[2025-04-05T02:38:27.657+0000] {logging_mixin.py:149} INFO - [2025-04-05T02:38:27.656+0000] {dag.py:2726} INFO - Sync 1 DAGs
[2025-04-05T02:38:27.691+0000] {logging_mixin.py:149} INFO - [2025-04-05T02:38:27.691+0000] {dag.py:3486} INFO - Setting next_dagrun for data_loading_dag to 2025-04-05T00:00:00+00:00, run_after=2025-04-06T00:00:00+00:00
[2025-04-05T02:38:27.723+0000] {processor.py:178} INFO - Processing /opt/airflow/dags/carga_dato.py took 1.157 seconds
[2025-04-05T02:38:58.295+0000] {processor.py:156} INFO - Started process (PID=795) to work on /opt/airflow/dags/carga_dato.py
[2025-04-05T02:38:58.297+0000] {processor.py:799} INFO - Processing file /opt/airflow/dags/carga_dato.py for tasks to queue
[2025-04-05T02:38:58.300+0000] {logging_mixin.py:149} INFO - [2025-04-05T02:38:58.299+0000] {dagbag.py:541} INFO - Filling up the DagBag from /opt/airflow/dags/carga_dato.py
[2025-04-05T02:38:59.498+0000] {processor.py:809} INFO - DAG(s) dict_keys(['data_loading_dag']) retrieved from /opt/airflow/dags/carga_dato.py
[2025-04-05T02:38:59.537+0000] {logging_mixin.py:149} INFO - [2025-04-05T02:38:59.536+0000] {dag.py:2726} INFO - Sync 1 DAGs
[2025-04-05T02:38:59.575+0000] {logging_mixin.py:149} INFO - [2025-04-05T02:38:59.575+0000] {dag.py:3486} INFO - Setting next_dagrun for data_loading_dag to 2025-04-05T00:00:00+00:00, run_after=2025-04-06T00:00:00+00:00
[2025-04-05T02:38:59.609+0000] {processor.py:178} INFO - Processing /opt/airflow/dags/carga_dato.py took 1.319 seconds
[2025-04-05T02:39:29.906+0000] {processor.py:156} INFO - Started process (PID=815) to work on /opt/airflow/dags/carga_dato.py
[2025-04-05T02:39:29.907+0000] {processor.py:799} INFO - Processing file /opt/airflow/dags/carga_dato.py for tasks to queue
[2025-04-05T02:39:29.910+0000] {logging_mixin.py:149} INFO - [2025-04-05T02:39:29.909+0000] {dagbag.py:541} INFO - Filling up the DagBag from /opt/airflow/dags/carga_dato.py
[2025-04-05T02:39:31.480+0000] {processor.py:809} INFO - DAG(s) dict_keys(['data_loading_dag']) retrieved from /opt/airflow/dags/carga_dato.py
[2025-04-05T02:39:31.577+0000] {logging_mixin.py:149} INFO - [2025-04-05T02:39:31.576+0000] {dag.py:2726} INFO - Sync 1 DAGs
[2025-04-05T02:39:31.690+0000] {logging_mixin.py:149} INFO - [2025-04-05T02:39:31.689+0000] {dag.py:3486} INFO - Setting next_dagrun for data_loading_dag to 2025-04-05T00:00:00+00:00, run_after=2025-04-06T00:00:00+00:00
[2025-04-05T02:39:31.757+0000] {processor.py:178} INFO - Processing /opt/airflow/dags/carga_dato.py took 1.856 seconds
[2025-04-05T02:40:01.953+0000] {processor.py:156} INFO - Started process (PID=829) to work on /opt/airflow/dags/carga_dato.py
[2025-04-05T02:40:01.966+0000] {processor.py:799} INFO - Processing file /opt/airflow/dags/carga_dato.py for tasks to queue
[2025-04-05T02:40:01.969+0000] {logging_mixin.py:149} INFO - [2025-04-05T02:40:01.969+0000] {dagbag.py:541} INFO - Filling up the DagBag from /opt/airflow/dags/carga_dato.py
[2025-04-05T02:40:03.938+0000] {processor.py:809} INFO - DAG(s) dict_keys(['data_loading_dag']) retrieved from /opt/airflow/dags/carga_dato.py
[2025-04-05T02:40:03.991+0000] {logging_mixin.py:149} INFO - [2025-04-05T02:40:03.987+0000] {dag.py:2726} INFO - Sync 1 DAGs
[2025-04-05T02:40:04.034+0000] {logging_mixin.py:149} INFO - [2025-04-05T02:40:04.034+0000] {dag.py:3486} INFO - Setting next_dagrun for data_loading_dag to 2025-04-05T00:00:00+00:00, run_after=2025-04-06T00:00:00+00:00
[2025-04-05T02:40:04.069+0000] {processor.py:178} INFO - Processing /opt/airflow/dags/carga_dato.py took 2.137 seconds
[2025-04-05T02:40:34.656+0000] {processor.py:156} INFO - Started process (PID=847) to work on /opt/airflow/dags/carga_dato.py
[2025-04-05T02:40:34.657+0000] {processor.py:799} INFO - Processing file /opt/airflow/dags/carga_dato.py for tasks to queue
[2025-04-05T02:40:34.659+0000] {logging_mixin.py:149} INFO - [2025-04-05T02:40:34.659+0000] {dagbag.py:541} INFO - Filling up the DagBag from /opt/airflow/dags/carga_dato.py
[2025-04-05T02:40:36.296+0000] {processor.py:809} INFO - DAG(s) dict_keys(['data_loading_dag']) retrieved from /opt/airflow/dags/carga_dato.py
[2025-04-05T02:40:36.367+0000] {logging_mixin.py:149} INFO - [2025-04-05T02:40:36.365+0000] {dag.py:2726} INFO - Sync 1 DAGs
[2025-04-05T02:40:36.410+0000] {logging_mixin.py:149} INFO - [2025-04-05T02:40:36.409+0000] {dag.py:3486} INFO - Setting next_dagrun for data_loading_dag to 2025-04-05T00:00:00+00:00, run_after=2025-04-06T00:00:00+00:00
[2025-04-05T02:40:36.464+0000] {processor.py:178} INFO - Processing /opt/airflow/dags/carga_dato.py took 1.815 seconds
[2025-04-05T02:41:07.102+0000] {processor.py:156} INFO - Started process (PID=867) to work on /opt/airflow/dags/carga_dato.py
[2025-04-05T02:41:07.104+0000] {processor.py:799} INFO - Processing file /opt/airflow/dags/carga_dato.py for tasks to queue
[2025-04-05T02:41:07.105+0000] {logging_mixin.py:149} INFO - [2025-04-05T02:41:07.105+0000] {dagbag.py:541} INFO - Filling up the DagBag from /opt/airflow/dags/carga_dato.py
[2025-04-05T02:41:07.844+0000] {processor.py:809} INFO - DAG(s) dict_keys(['data_loading_dag']) retrieved from /opt/airflow/dags/carga_dato.py
[2025-04-05T02:41:07.881+0000] {logging_mixin.py:149} INFO - [2025-04-05T02:41:07.880+0000] {dag.py:2726} INFO - Sync 1 DAGs
[2025-04-05T02:41:07.909+0000] {logging_mixin.py:149} INFO - [2025-04-05T02:41:07.909+0000] {dag.py:3486} INFO - Setting next_dagrun for data_loading_dag to 2025-04-05T00:00:00+00:00, run_after=2025-04-06T00:00:00+00:00
[2025-04-05T02:41:07.943+0000] {processor.py:178} INFO - Processing /opt/airflow/dags/carga_dato.py took 0.845 seconds
[2025-04-05T02:41:38.064+0000] {processor.py:156} INFO - Started process (PID=887) to work on /opt/airflow/dags/carga_dato.py
[2025-04-05T02:41:38.067+0000] {processor.py:799} INFO - Processing file /opt/airflow/dags/carga_dato.py for tasks to queue
[2025-04-05T02:41:38.069+0000] {logging_mixin.py:149} INFO - [2025-04-05T02:41:38.069+0000] {dagbag.py:541} INFO - Filling up the DagBag from /opt/airflow/dags/carga_dato.py
[2025-04-05T02:41:41.821+0000] {processor.py:809} INFO - DAG(s) dict_keys(['data_loading_dag']) retrieved from /opt/airflow/dags/carga_dato.py
[2025-04-05T02:41:42.107+0000] {logging_mixin.py:149} INFO - [2025-04-05T02:41:42.106+0000] {dag.py:2726} INFO - Sync 1 DAGs
[2025-04-05T02:41:42.613+0000] {logging_mixin.py:149} INFO - [2025-04-05T02:41:42.612+0000] {dag.py:3486} INFO - Setting next_dagrun for data_loading_dag to 2025-04-05T00:00:00+00:00, run_after=2025-04-06T00:00:00+00:00
[2025-04-05T02:41:43.374+0000] {processor.py:178} INFO - Processing /opt/airflow/dags/carga_dato.py took 5.322 seconds
[2025-04-05T02:42:13.948+0000] {processor.py:156} INFO - Started process (PID=912) to work on /opt/airflow/dags/carga_dato.py
[2025-04-05T02:42:13.951+0000] {processor.py:799} INFO - Processing file /opt/airflow/dags/carga_dato.py for tasks to queue
[2025-04-05T02:42:13.952+0000] {logging_mixin.py:149} INFO - [2025-04-05T02:42:13.952+0000] {dagbag.py:541} INFO - Filling up the DagBag from /opt/airflow/dags/carga_dato.py
[2025-04-05T02:42:15.073+0000] {processor.py:809} INFO - DAG(s) dict_keys(['data_loading_dag']) retrieved from /opt/airflow/dags/carga_dato.py
[2025-04-05T02:42:15.176+0000] {logging_mixin.py:149} INFO - [2025-04-05T02:42:15.175+0000] {dag.py:2726} INFO - Sync 1 DAGs
[2025-04-05T02:42:15.224+0000] {logging_mixin.py:149} INFO - [2025-04-05T02:42:15.223+0000] {dag.py:3486} INFO - Setting next_dagrun for data_loading_dag to 2025-04-05T00:00:00+00:00, run_after=2025-04-06T00:00:00+00:00
[2025-04-05T02:42:15.397+0000] {processor.py:178} INFO - Processing /opt/airflow/dags/carga_dato.py took 1.458 seconds
[2025-04-05T02:42:48.295+0000] {processor.py:156} INFO - Started process (PID=938) to work on /opt/airflow/dags/carga_dato.py
[2025-04-05T02:42:48.332+0000] {processor.py:799} INFO - Processing file /opt/airflow/dags/carga_dato.py for tasks to queue
[2025-04-05T02:42:48.377+0000] {logging_mixin.py:149} INFO - [2025-04-05T02:42:48.376+0000] {dagbag.py:541} INFO - Filling up the DagBag from /opt/airflow/dags/carga_dato.py
[2025-04-05T02:42:52.594+0000] {processor.py:809} INFO - DAG(s) dict_keys(['data_loading_dag']) retrieved from /opt/airflow/dags/carga_dato.py
[2025-04-05T02:42:52.729+0000] {logging_mixin.py:149} INFO - [2025-04-05T02:42:52.728+0000] {dag.py:2726} INFO - Sync 1 DAGs
[2025-04-05T02:42:52.831+0000] {logging_mixin.py:149} INFO - [2025-04-05T02:42:52.826+0000] {dag.py:3486} INFO - Setting next_dagrun for data_loading_dag to 2025-04-05T00:00:00+00:00, run_after=2025-04-06T00:00:00+00:00
[2025-04-05T02:42:52.986+0000] {processor.py:178} INFO - Processing /opt/airflow/dags/carga_dato.py took 4.721 seconds
[2025-04-05T02:43:23.349+0000] {processor.py:156} INFO - Started process (PID=950) to work on /opt/airflow/dags/carga_dato.py
[2025-04-05T02:43:23.354+0000] {processor.py:799} INFO - Processing file /opt/airflow/dags/carga_dato.py for tasks to queue
[2025-04-05T02:43:23.380+0000] {logging_mixin.py:149} INFO - [2025-04-05T02:43:23.380+0000] {dagbag.py:541} INFO - Filling up the DagBag from /opt/airflow/dags/carga_dato.py
[2025-04-05T02:43:25.055+0000] {processor.py:809} INFO - DAG(s) dict_keys(['data_loading_dag']) retrieved from /opt/airflow/dags/carga_dato.py
[2025-04-05T02:43:25.118+0000] {logging_mixin.py:149} INFO - [2025-04-05T02:43:25.108+0000] {dag.py:2726} INFO - Sync 1 DAGs
[2025-04-05T02:43:25.199+0000] {logging_mixin.py:149} INFO - [2025-04-05T02:43:25.199+0000] {dag.py:3486} INFO - Setting next_dagrun for data_loading_dag to 2025-04-05T00:00:00+00:00, run_after=2025-04-06T00:00:00+00:00
[2025-04-05T02:43:25.265+0000] {processor.py:178} INFO - Processing /opt/airflow/dags/carga_dato.py took 1.957 seconds
[2025-04-05T02:43:55.563+0000] {processor.py:156} INFO - Started process (PID=970) to work on /opt/airflow/dags/carga_dato.py
[2025-04-05T02:43:55.565+0000] {processor.py:799} INFO - Processing file /opt/airflow/dags/carga_dato.py for tasks to queue
[2025-04-05T02:43:55.567+0000] {logging_mixin.py:149} INFO - [2025-04-05T02:43:55.567+0000] {dagbag.py:541} INFO - Filling up the DagBag from /opt/airflow/dags/carga_dato.py
[2025-04-05T02:43:57.393+0000] {processor.py:809} INFO - DAG(s) dict_keys(['data_loading_dag']) retrieved from /opt/airflow/dags/carga_dato.py
[2025-04-05T02:43:57.447+0000] {logging_mixin.py:149} INFO - [2025-04-05T02:43:57.445+0000] {dag.py:2726} INFO - Sync 1 DAGs
[2025-04-05T02:43:57.599+0000] {logging_mixin.py:149} INFO - [2025-04-05T02:43:57.599+0000] {dag.py:3486} INFO - Setting next_dagrun for data_loading_dag to 2025-04-05T00:00:00+00:00, run_after=2025-04-06T00:00:00+00:00
[2025-04-05T02:43:57.647+0000] {processor.py:178} INFO - Processing /opt/airflow/dags/carga_dato.py took 2.103 seconds
[2025-04-05T02:44:27.963+0000] {processor.py:156} INFO - Started process (PID=989) to work on /opt/airflow/dags/carga_dato.py
[2025-04-05T02:44:27.965+0000] {processor.py:799} INFO - Processing file /opt/airflow/dags/carga_dato.py for tasks to queue
[2025-04-05T02:44:27.967+0000] {logging_mixin.py:149} INFO - [2025-04-05T02:44:27.966+0000] {dagbag.py:541} INFO - Filling up the DagBag from /opt/airflow/dags/carga_dato.py
[2025-04-05T02:44:29.018+0000] {processor.py:809} INFO - DAG(s) dict_keys(['data_loading_dag']) retrieved from /opt/airflow/dags/carga_dato.py
[2025-04-05T02:44:29.062+0000] {logging_mixin.py:149} INFO - [2025-04-05T02:44:29.061+0000] {dag.py:2726} INFO - Sync 1 DAGs
[2025-04-05T02:44:29.105+0000] {logging_mixin.py:149} INFO - [2025-04-05T02:44:29.105+0000] {dag.py:3486} INFO - Setting next_dagrun for data_loading_dag to 2025-04-05T00:00:00+00:00, run_after=2025-04-06T00:00:00+00:00
[2025-04-05T02:44:29.150+0000] {processor.py:178} INFO - Processing /opt/airflow/dags/carga_dato.py took 1.192 seconds
[2025-04-05T02:44:59.930+0000] {processor.py:156} INFO - Started process (PID=1009) to work on /opt/airflow/dags/carga_dato.py
[2025-04-05T02:44:59.937+0000] {processor.py:799} INFO - Processing file /opt/airflow/dags/carga_dato.py for tasks to queue
[2025-04-05T02:44:59.939+0000] {logging_mixin.py:149} INFO - [2025-04-05T02:44:59.939+0000] {dagbag.py:541} INFO - Filling up the DagBag from /opt/airflow/dags/carga_dato.py
[2025-04-05T02:45:06.031+0000] {processor.py:809} INFO - DAG(s) dict_keys(['data_loading_dag']) retrieved from /opt/airflow/dags/carga_dato.py
[2025-04-05T02:45:06.189+0000] {logging_mixin.py:149} INFO - [2025-04-05T02:45:06.188+0000] {dag.py:2726} INFO - Sync 1 DAGs
[2025-04-05T02:45:06.344+0000] {logging_mixin.py:149} INFO - [2025-04-05T02:45:06.344+0000] {dag.py:3486} INFO - Setting next_dagrun for data_loading_dag to 2025-04-05T00:00:00+00:00, run_after=2025-04-06T00:00:00+00:00
[2025-04-05T02:45:06.679+0000] {processor.py:178} INFO - Processing /opt/airflow/dags/carga_dato.py took 6.756 seconds
[2025-04-05T02:45:37.133+0000] {processor.py:156} INFO - Started process (PID=1021) to work on /opt/airflow/dags/carga_dato.py
[2025-04-05T02:45:37.135+0000] {processor.py:799} INFO - Processing file /opt/airflow/dags/carga_dato.py for tasks to queue
[2025-04-05T02:45:37.137+0000] {logging_mixin.py:149} INFO - [2025-04-05T02:45:37.137+0000] {dagbag.py:541} INFO - Filling up the DagBag from /opt/airflow/dags/carga_dato.py
[2025-04-05T02:45:38.801+0000] {processor.py:809} INFO - DAG(s) dict_keys(['data_loading_dag']) retrieved from /opt/airflow/dags/carga_dato.py
[2025-04-05T02:45:38.890+0000] {logging_mixin.py:149} INFO - [2025-04-05T02:45:38.889+0000] {dag.py:2726} INFO - Sync 1 DAGs
[2025-04-05T02:45:38.986+0000] {logging_mixin.py:149} INFO - [2025-04-05T02:45:38.986+0000] {dag.py:3486} INFO - Setting next_dagrun for data_loading_dag to 2025-04-05T00:00:00+00:00, run_after=2025-04-06T00:00:00+00:00
[2025-04-05T02:45:39.033+0000] {processor.py:178} INFO - Processing /opt/airflow/dags/carga_dato.py took 1.908 seconds
[2025-04-05T02:46:09.536+0000] {processor.py:156} INFO - Started process (PID=1042) to work on /opt/airflow/dags/carga_dato.py
[2025-04-05T02:46:09.538+0000] {processor.py:799} INFO - Processing file /opt/airflow/dags/carga_dato.py for tasks to queue
[2025-04-05T02:46:09.543+0000] {logging_mixin.py:149} INFO - [2025-04-05T02:46:09.543+0000] {dagbag.py:541} INFO - Filling up the DagBag from /opt/airflow/dags/carga_dato.py
[2025-04-05T02:46:11.025+0000] {processor.py:809} INFO - DAG(s) dict_keys(['data_loading_dag']) retrieved from /opt/airflow/dags/carga_dato.py
[2025-04-05T02:46:11.082+0000] {logging_mixin.py:149} INFO - [2025-04-05T02:46:11.081+0000] {dag.py:2726} INFO - Sync 1 DAGs
[2025-04-05T02:46:11.139+0000] {logging_mixin.py:149} INFO - [2025-04-05T02:46:11.139+0000] {dag.py:3486} INFO - Setting next_dagrun for data_loading_dag to 2025-04-05T00:00:00+00:00, run_after=2025-04-06T00:00:00+00:00
[2025-04-05T02:46:11.183+0000] {processor.py:178} INFO - Processing /opt/airflow/dags/carga_dato.py took 1.651 seconds
[2025-04-05T02:46:41.802+0000] {processor.py:156} INFO - Started process (PID=1062) to work on /opt/airflow/dags/carga_dato.py
[2025-04-05T02:46:41.810+0000] {processor.py:799} INFO - Processing file /opt/airflow/dags/carga_dato.py for tasks to queue
[2025-04-05T02:46:41.838+0000] {logging_mixin.py:149} INFO - [2025-04-05T02:46:41.838+0000] {dagbag.py:541} INFO - Filling up the DagBag from /opt/airflow/dags/carga_dato.py
[2025-04-05T02:46:48.876+0000] {processor.py:809} INFO - DAG(s) dict_keys(['data_loading_dag']) retrieved from /opt/airflow/dags/carga_dato.py
[2025-04-05T02:46:49.062+0000] {logging_mixin.py:149} INFO - [2025-04-05T02:46:49.050+0000] {dag.py:2726} INFO - Sync 1 DAGs
[2025-04-05T02:46:49.220+0000] {logging_mixin.py:149} INFO - [2025-04-05T02:46:49.211+0000] {dag.py:3486} INFO - Setting next_dagrun for data_loading_dag to 2025-04-05T00:00:00+00:00, run_after=2025-04-06T00:00:00+00:00
[2025-04-05T02:46:49.321+0000] {processor.py:178} INFO - Processing /opt/airflow/dags/carga_dato.py took 7.536 seconds
[2025-04-05T02:47:20.096+0000] {processor.py:156} INFO - Started process (PID=1089) to work on /opt/airflow/dags/carga_dato.py
[2025-04-05T02:47:20.100+0000] {processor.py:799} INFO - Processing file /opt/airflow/dags/carga_dato.py for tasks to queue
[2025-04-05T02:47:20.102+0000] {logging_mixin.py:149} INFO - [2025-04-05T02:47:20.102+0000] {dagbag.py:541} INFO - Filling up the DagBag from /opt/airflow/dags/carga_dato.py
[2025-04-05T02:47:24.442+0000] {processor.py:809} INFO - DAG(s) dict_keys(['data_loading_dag']) retrieved from /opt/airflow/dags/carga_dato.py
[2025-04-05T02:47:24.748+0000] {logging_mixin.py:149} INFO - [2025-04-05T02:47:24.745+0000] {dag.py:2726} INFO - Sync 1 DAGs
[2025-04-05T02:47:24.986+0000] {logging_mixin.py:149} INFO - [2025-04-05T02:47:24.986+0000] {dag.py:3486} INFO - Setting next_dagrun for data_loading_dag to 2025-04-05T00:00:00+00:00, run_after=2025-04-06T00:00:00+00:00
[2025-04-05T02:47:25.217+0000] {processor.py:178} INFO - Processing /opt/airflow/dags/carga_dato.py took 5.116 seconds
[2025-04-05T02:47:55.568+0000] {processor.py:156} INFO - Started process (PID=1108) to work on /opt/airflow/dags/carga_dato.py
[2025-04-05T02:47:55.570+0000] {processor.py:799} INFO - Processing file /opt/airflow/dags/carga_dato.py for tasks to queue
[2025-04-05T02:47:55.571+0000] {logging_mixin.py:149} INFO - [2025-04-05T02:47:55.571+0000] {dagbag.py:541} INFO - Filling up the DagBag from /opt/airflow/dags/carga_dato.py
[2025-04-05T02:47:57.405+0000] {processor.py:809} INFO - DAG(s) dict_keys(['data_loading_dag']) retrieved from /opt/airflow/dags/carga_dato.py
[2025-04-05T02:47:57.612+0000] {logging_mixin.py:149} INFO - [2025-04-05T02:47:57.595+0000] {dag.py:2726} INFO - Sync 1 DAGs
[2025-04-05T02:47:57.784+0000] {logging_mixin.py:149} INFO - [2025-04-05T02:47:57.784+0000] {dag.py:3486} INFO - Setting next_dagrun for data_loading_dag to 2025-04-05T00:00:00+00:00, run_after=2025-04-06T00:00:00+00:00
[2025-04-05T02:47:58.256+0000] {processor.py:178} INFO - Processing /opt/airflow/dags/carga_dato.py took 2.691 seconds
[2025-04-05T02:48:29.605+0000] {processor.py:156} INFO - Started process (PID=1121) to work on /opt/airflow/dags/carga_dato.py
[2025-04-05T02:48:29.684+0000] {processor.py:799} INFO - Processing file /opt/airflow/dags/carga_dato.py for tasks to queue
[2025-04-05T02:48:29.702+0000] {logging_mixin.py:149} INFO - [2025-04-05T02:48:29.702+0000] {dagbag.py:541} INFO - Filling up the DagBag from /opt/airflow/dags/carga_dato.py
[2025-04-05T02:48:35.178+0000] {processor.py:809} INFO - DAG(s) dict_keys(['data_loading_dag']) retrieved from /opt/airflow/dags/carga_dato.py
[2025-04-05T02:48:35.310+0000] {logging_mixin.py:149} INFO - [2025-04-05T02:48:35.309+0000] {dag.py:2726} INFO - Sync 1 DAGs
[2025-04-05T02:48:35.466+0000] {logging_mixin.py:149} INFO - [2025-04-05T02:48:35.466+0000] {dag.py:3486} INFO - Setting next_dagrun for data_loading_dag to 2025-04-05T00:00:00+00:00, run_after=2025-04-06T00:00:00+00:00
[2025-04-05T02:48:35.713+0000] {processor.py:178} INFO - Processing /opt/airflow/dags/carga_dato.py took 6.183 seconds
[2025-04-05T02:49:06.226+0000] {processor.py:156} INFO - Started process (PID=1139) to work on /opt/airflow/dags/carga_dato.py
[2025-04-05T02:49:06.229+0000] {processor.py:799} INFO - Processing file /opt/airflow/dags/carga_dato.py for tasks to queue
[2025-04-05T02:49:06.256+0000] {logging_mixin.py:149} INFO - [2025-04-05T02:49:06.255+0000] {dagbag.py:541} INFO - Filling up the DagBag from /opt/airflow/dags/carga_dato.py
[2025-04-05T02:49:11.265+0000] {processor.py:809} INFO - DAG(s) dict_keys(['data_loading_dag']) retrieved from /opt/airflow/dags/carga_dato.py
[2025-04-05T02:49:11.451+0000] {logging_mixin.py:149} INFO - [2025-04-05T02:49:11.450+0000] {dag.py:2726} INFO - Sync 1 DAGs
[2025-04-05T02:49:11.575+0000] {logging_mixin.py:149} INFO - [2025-04-05T02:49:11.574+0000] {dag.py:3486} INFO - Setting next_dagrun for data_loading_dag to 2025-04-05T00:00:00+00:00, run_after=2025-04-06T00:00:00+00:00
[2025-04-05T02:49:11.671+0000] {processor.py:178} INFO - Processing /opt/airflow/dags/carga_dato.py took 5.489 seconds
[2025-04-05T02:49:42.351+0000] {processor.py:156} INFO - Started process (PID=1159) to work on /opt/airflow/dags/carga_dato.py
[2025-04-05T02:49:42.353+0000] {processor.py:799} INFO - Processing file /opt/airflow/dags/carga_dato.py for tasks to queue
[2025-04-05T02:49:42.355+0000] {logging_mixin.py:149} INFO - [2025-04-05T02:49:42.354+0000] {dagbag.py:541} INFO - Filling up the DagBag from /opt/airflow/dags/carga_dato.py
[2025-04-05T02:49:43.917+0000] {processor.py:809} INFO - DAG(s) dict_keys(['data_loading_dag']) retrieved from /opt/airflow/dags/carga_dato.py
[2025-04-05T02:49:43.948+0000] {logging_mixin.py:149} INFO - [2025-04-05T02:49:43.948+0000] {dag.py:2726} INFO - Sync 1 DAGs
[2025-04-05T02:49:43.976+0000] {logging_mixin.py:149} INFO - [2025-04-05T02:49:43.976+0000] {dag.py:3486} INFO - Setting next_dagrun for data_loading_dag to 2025-04-05T00:00:00+00:00, run_after=2025-04-06T00:00:00+00:00
[2025-04-05T02:49:44.008+0000] {processor.py:178} INFO - Processing /opt/airflow/dags/carga_dato.py took 1.662 seconds
[2025-04-05T02:50:14.659+0000] {processor.py:156} INFO - Started process (PID=1179) to work on /opt/airflow/dags/carga_dato.py
[2025-04-05T02:50:14.661+0000] {processor.py:799} INFO - Processing file /opt/airflow/dags/carga_dato.py for tasks to queue
[2025-04-05T02:50:14.663+0000] {logging_mixin.py:149} INFO - [2025-04-05T02:50:14.662+0000] {dagbag.py:541} INFO - Filling up the DagBag from /opt/airflow/dags/carga_dato.py
[2025-04-05T02:50:18.186+0000] {processor.py:809} INFO - DAG(s) dict_keys(['data_loading_dag']) retrieved from /opt/airflow/dags/carga_dato.py
[2025-04-05T02:50:18.260+0000] {logging_mixin.py:149} INFO - [2025-04-05T02:50:18.258+0000] {dag.py:2726} INFO - Sync 1 DAGs
[2025-04-05T02:50:18.369+0000] {logging_mixin.py:149} INFO - [2025-04-05T02:50:18.369+0000] {dag.py:3486} INFO - Setting next_dagrun for data_loading_dag to 2025-04-05T00:00:00+00:00, run_after=2025-04-06T00:00:00+00:00
[2025-04-05T02:50:18.509+0000] {processor.py:178} INFO - Processing /opt/airflow/dags/carga_dato.py took 3.858 seconds
[2025-04-05T02:50:49.498+0000] {processor.py:156} INFO - Started process (PID=1195) to work on /opt/airflow/dags/carga_dato.py
[2025-04-05T02:50:49.504+0000] {processor.py:799} INFO - Processing file /opt/airflow/dags/carga_dato.py for tasks to queue
[2025-04-05T02:50:49.512+0000] {logging_mixin.py:149} INFO - [2025-04-05T02:50:49.511+0000] {dagbag.py:541} INFO - Filling up the DagBag from /opt/airflow/dags/carga_dato.py
[2025-04-05T02:50:51.948+0000] {processor.py:809} INFO - DAG(s) dict_keys(['data_loading_dag']) retrieved from /opt/airflow/dags/carga_dato.py
[2025-04-05T02:50:52.138+0000] {logging_mixin.py:149} INFO - [2025-04-05T02:50:52.124+0000] {dag.py:2726} INFO - Sync 1 DAGs
[2025-04-05T02:50:52.557+0000] {logging_mixin.py:149} INFO - [2025-04-05T02:50:52.557+0000] {dag.py:3486} INFO - Setting next_dagrun for data_loading_dag to 2025-04-05T00:00:00+00:00, run_after=2025-04-06T00:00:00+00:00
[2025-04-05T02:50:52.602+0000] {processor.py:178} INFO - Processing /opt/airflow/dags/carga_dato.py took 3.120 seconds
[2025-04-05T02:51:23.778+0000] {processor.py:156} INFO - Started process (PID=1217) to work on /opt/airflow/dags/carga_dato.py
[2025-04-05T02:51:23.828+0000] {processor.py:799} INFO - Processing file /opt/airflow/dags/carga_dato.py for tasks to queue
[2025-04-05T02:51:23.882+0000] {logging_mixin.py:149} INFO - [2025-04-05T02:51:23.881+0000] {dagbag.py:541} INFO - Filling up the DagBag from /opt/airflow/dags/carga_dato.py
[2025-04-05T02:51:30.131+0000] {processor.py:809} INFO - DAG(s) dict_keys(['data_loading_dag']) retrieved from /opt/airflow/dags/carga_dato.py
[2025-04-05T02:51:30.258+0000] {logging_mixin.py:149} INFO - [2025-04-05T02:51:30.257+0000] {dag.py:2726} INFO - Sync 1 DAGs
[2025-04-05T02:51:30.309+0000] {logging_mixin.py:149} INFO - [2025-04-05T02:51:30.309+0000] {dag.py:3486} INFO - Setting next_dagrun for data_loading_dag to 2025-04-05T00:00:00+00:00, run_after=2025-04-06T00:00:00+00:00
[2025-04-05T02:51:30.383+0000] {processor.py:178} INFO - Processing /opt/airflow/dags/carga_dato.py took 6.631 seconds
[2025-04-05T02:52:01.489+0000] {processor.py:156} INFO - Started process (PID=1236) to work on /opt/airflow/dags/carga_dato.py
[2025-04-05T02:52:01.491+0000] {processor.py:799} INFO - Processing file /opt/airflow/dags/carga_dato.py for tasks to queue
[2025-04-05T02:52:01.492+0000] {logging_mixin.py:149} INFO - [2025-04-05T02:52:01.492+0000] {dagbag.py:541} INFO - Filling up the DagBag from /opt/airflow/dags/carga_dato.py
[2025-04-05T02:52:02.689+0000] {processor.py:809} INFO - DAG(s) dict_keys(['data_loading_dag']) retrieved from /opt/airflow/dags/carga_dato.py
[2025-04-05T02:52:02.739+0000] {logging_mixin.py:149} INFO - [2025-04-05T02:52:02.738+0000] {dag.py:2726} INFO - Sync 1 DAGs
[2025-04-05T02:52:02.775+0000] {logging_mixin.py:149} INFO - [2025-04-05T02:52:02.774+0000] {dag.py:3486} INFO - Setting next_dagrun for data_loading_dag to 2025-04-05T00:00:00+00:00, run_after=2025-04-06T00:00:00+00:00
[2025-04-05T02:52:02.812+0000] {processor.py:178} INFO - Processing /opt/airflow/dags/carga_dato.py took 1.329 seconds
[2025-04-05T02:52:33.120+0000] {processor.py:156} INFO - Started process (PID=1256) to work on /opt/airflow/dags/carga_dato.py
[2025-04-05T02:52:33.125+0000] {processor.py:799} INFO - Processing file /opt/airflow/dags/carga_dato.py for tasks to queue
[2025-04-05T02:52:33.129+0000] {logging_mixin.py:149} INFO - [2025-04-05T02:52:33.128+0000] {dagbag.py:541} INFO - Filling up the DagBag from /opt/airflow/dags/carga_dato.py
[2025-04-05T02:52:34.980+0000] {processor.py:809} INFO - DAG(s) dict_keys(['data_loading_dag']) retrieved from /opt/airflow/dags/carga_dato.py
[2025-04-05T02:52:35.034+0000] {logging_mixin.py:149} INFO - [2025-04-05T02:52:35.033+0000] {dag.py:2726} INFO - Sync 1 DAGs
[2025-04-05T02:52:35.085+0000] {logging_mixin.py:149} INFO - [2025-04-05T02:52:35.085+0000] {dag.py:3486} INFO - Setting next_dagrun for data_loading_dag to 2025-04-05T00:00:00+00:00, run_after=2025-04-06T00:00:00+00:00
[2025-04-05T02:52:35.129+0000] {processor.py:178} INFO - Processing /opt/airflow/dags/carga_dato.py took 2.021 seconds
